{"/Users/Mora/Workspace/node/vscode/dot-template/packages/dot-template-core/src/common/helper.ts":{"path":"/Users/Mora/Workspace/node/vscode/dot-template/packages/dot-template-core/src/common/helper.ts","statementMap":{"0":{"start":{"line":2,"column":0},"end":{"line":2,"column":62}},"1":{"start":{"line":3,"column":14},"end":{"line":3,"column":30}},"2":{"start":{"line":4,"column":11},"end":{"line":4,"column":26}},"3":{"start":{"line":5,"column":9},"end":{"line":5,"column":28}},"4":{"start":{"line":17,"column":4},"end":{"line":54,"column":7}},"5":{"start":{"line":18,"column":20},"end":{"line":18,"column":24}},"6":{"start":{"line":20,"column":8},"end":{"line":53,"column":11}},"7":{"start":{"line":21,"column":12},"end":{"line":52,"column":13}},"8":{"start":{"line":23,"column":20},"end":{"line":23,"column":32}},"9":{"start":{"line":24,"column":20},"end":{"line":25,"column":54}},"10":{"start":{"line":25,"column":24},"end":{"line":25,"column":54}},"11":{"start":{"line":26,"column":20},"end":{"line":46,"column":31}},"12":{"start":{"line":27,"column":24},"end":{"line":40,"column":30}},"13":{"start":{"line":27,"column":45},"end":{"line":40,"column":27}},"14":{"start":{"line":29,"column":28},"end":{"line":39,"column":31}},"15":{"start":{"line":30,"column":32},"end":{"line":38,"column":33}},"16":{"start":{"line":32,"column":40},"end":{"line":32,"column":64}},"17":{"start":{"line":33,"column":40},"end":{"line":33,"column":69}},"18":{"start":{"line":35,"column":40},"end":{"line":35,"column":66}},"19":{"start":{"line":36,"column":40},"end":{"line":36,"column":88}},"20":{"start":{"line":37,"column":44},"end":{"line":37,"column":77}},"21":{"start":{"line":41,"column":37},"end":{"line":46,"column":27}},"22":{"start":{"line":41,"column":99},"end":{"line":46,"column":23}},"23":{"start":{"line":42,"column":24},"end":{"line":45,"column":25}},"24":{"start":{"line":43,"column":36},"end":{"line":43,"column":82}},"25":{"start":{"line":44,"column":36},"end":{"line":44,"column":69}},"26":{"start":{"line":47,"column":20},"end":{"line":47,"column":44}},"27":{"start":{"line":48,"column":20},"end":{"line":48,"column":51}},"28":{"start":{"line":50,"column":20},"end":{"line":50,"column":46}},"29":{"start":{"line":51,"column":20},"end":{"line":51,"column":50}},"30":{"start":{"line":56,"column":0},"end":{"line":56,"column":24}},"31":{"start":{"line":61,"column":4},"end":{"line":71,"column":11}},"32":{"start":{"line":62,"column":8},"end":{"line":69,"column":9}},"33":{"start":{"line":63,"column":12},"end":{"line":64,"column":34}},"34":{"start":{"line":63,"column":44},"end":{"line":63,"column":84}},"35":{"start":{"line":64,"column":16},"end":{"line":64,"column":34}},"36":{"start":{"line":67,"column":12},"end":{"line":68,"column":34}},"37":{"start":{"line":68,"column":16},"end":{"line":68,"column":34}},"38":{"start":{"line":70,"column":8},"end":{"line":70,"column":22}},"39":{"start":{"line":73,"column":0},"end":{"line":73,"column":24}},"40":{"start":{"line":74,"column":27},"end":{"line":74,"column":84}},"41":{"start":{"line":75,"column":20},"end":{"line":75,"column":92}},"42":{"start":{"line":89,"column":17},"end":{"line":89,"column":19}},"43":{"start":{"line":90,"column":14},"end":{"line":102,"column":5}},"44":{"start":{"line":92,"column":8},"end":{"line":100,"column":9}},"45":{"start":{"line":93,"column":23},"end":{"line":93,"column":63}},"46":{"start":{"line":96,"column":12},"end":{"line":97,"column":45}},"47":{"start":{"line":97,"column":16},"end":{"line":97,"column":45}},"48":{"start":{"line":98,"column":12},"end":{"line":99,"column":34}},"49":{"start":{"line":99,"column":16},"end":{"line":99,"column":34}},"50":{"start":{"line":101,"column":8},"end":{"line":101,"column":18}},"51":{"start":{"line":103,"column":4},"end":{"line":103,"column":90}},"52":{"start":{"line":103,"column":69},"end":{"line":103,"column":86}},"53":{"start":{"line":104,"column":4},"end":{"line":104,"column":83}},"54":{"start":{"line":104,"column":62},"end":{"line":104,"column":79}},"55":{"start":{"line":105,"column":4},"end":{"line":105,"column":18}},"56":{"start":{"line":107,"column":0},"end":{"line":107,"column":48}},"57":{"start":{"line":108,"column":21},"end":{"line":108,"column":23}},"58":{"start":{"line":110,"column":16},"end":{"line":110,"column":49}},"59":{"start":{"line":111,"column":4},"end":{"line":113,"column":5}},"60":{"start":{"line":112,"column":8},"end":{"line":112,"column":52}},"61":{"start":{"line":114,"column":4},"end":{"line":114,"column":33}},"62":{"start":{"line":115,"column":4},"end":{"line":115,"column":25}},"63":{"start":{"line":117,"column":0},"end":{"line":117,"column":34}},"64":{"start":{"line":118,"column":22},"end":{"line":118,"column":23}},"65":{"start":{"line":119,"column":22},"end":{"line":119,"column":24}},"66":{"start":{"line":121,"column":15},"end":{"line":121,"column":48}},"67":{"start":{"line":123,"column":4},"end":{"line":128,"column":5}},"68":{"start":{"line":124,"column":8},"end":{"line":124,"column":50}},"69":{"start":{"line":127,"column":8},"end":{"line":127,"column":18}},"70":{"start":{"line":129,"column":4},"end":{"line":135,"column":5}},"71":{"start":{"line":130,"column":8},"end":{"line":134,"column":74}},"72":{"start":{"line":132,"column":32},"end":{"line":132,"column":48}},"73":{"start":{"line":133,"column":35},"end":{"line":133,"column":60}},"74":{"start":{"line":134,"column":32},"end":{"line":134,"column":70}},"75":{"start":{"line":136,"column":4},"end":{"line":136,"column":28}},"76":{"start":{"line":137,"column":4},"end":{"line":137,"column":27}},"77":{"start":{"line":139,"column":0},"end":{"line":139,"column":48}},"78":{"start":{"line":141,"column":4},"end":{"line":142,"column":18}},"79":{"start":{"line":142,"column":8},"end":{"line":142,"column":18}},"80":{"start":{"line":143,"column":4},"end":{"line":143,"column":47}},"81":{"start":{"line":145,"column":0},"end":{"line":145,"column":26}}},"fnMap":{"0":{"name":"series","decl":{"start":{"line":16,"column":9},"end":{"line":16,"column":15}},"loc":{"start":{"line":16,"column":28},"end":{"line":55,"column":1}},"line":16},"1":{"name":"(anonymous_1)","decl":{"start":{"line":17,"column":51},"end":{"line":17,"column":52}},"loc":{"start":{"line":17,"column":63},"end":{"line":54,"column":5}},"line":17},"2":{"name":"(anonymous_2)","decl":{"start":{"line":20,"column":41},"end":{"line":20,"column":42}},"loc":{"start":{"line":20,"column":55},"end":{"line":53,"column":9}},"line":20},"3":{"name":"(anonymous_3)","decl":{"start":{"line":26,"column":51},"end":{"line":26,"column":52}},"loc":{"start":{"line":26,"column":85},"end":{"line":41,"column":21}},"line":26},"4":{"name":"(anonymous_4)","decl":{"start":{"line":27,"column":31},"end":{"line":27,"column":32}},"loc":{"start":{"line":27,"column":43},"end":{"line":40,"column":29}},"line":27},"5":{"name":"(anonymous_5)","decl":{"start":{"line":27,"column":93},"end":{"line":27,"column":94}},"loc":{"start":{"line":27,"column":105},"end":{"line":40,"column":25}},"line":27},"6":{"name":"(anonymous_6)","decl":{"start":{"line":29,"column":61},"end":{"line":29,"column":62}},"loc":{"start":{"line":29,"column":75},"end":{"line":39,"column":29}},"line":29},"7":{"name":"(anonymous_7)","decl":{"start":{"line":41,"column":23},"end":{"line":41,"column":24}},"loc":{"start":{"line":41,"column":35},"end":{"line":46,"column":29}},"line":41},"8":{"name":"(anonymous_8)","decl":{"start":{"line":41,"column":85},"end":{"line":41,"column":86}},"loc":{"start":{"line":41,"column":97},"end":{"line":46,"column":25}},"line":41},"9":{"name":"(anonymous_9)","decl":{"start":{"line":41,"column":132},"end":{"line":41,"column":133}},"loc":{"start":{"line":41,"column":146},"end":{"line":46,"column":21}},"line":41},"10":{"name":"unique","decl":{"start":{"line":60,"column":9},"end":{"line":60,"column":15}},"loc":{"start":{"line":60,"column":34},"end":{"line":72,"column":1}},"line":60},"11":{"name":"(anonymous_11)","decl":{"start":{"line":61,"column":24},"end":{"line":61,"column":25}},"loc":{"start":{"line":61,"column":48},"end":{"line":71,"column":5}},"line":61},"12":{"name":"(anonymous_12)","decl":{"start":{"line":63,"column":29},"end":{"line":63,"column":30}},"loc":{"start":{"line":63,"column":42},"end":{"line":63,"column":86}},"line":63},"13":{"name":"findJsRelatedFiles","decl":{"start":{"line":88,"column":9},"end":{"line":88,"column":27}},"loc":{"start":{"line":88,"column":49},"end":{"line":106,"column":1}},"line":88},"14":{"name":"(anonymous_14)","decl":{"start":{"line":90,"column":14},"end":{"line":90,"column":15}},"loc":{"start":{"line":90,"column":30},"end":{"line":102,"column":5}},"line":90},"15":{"name":"(anonymous_15)","decl":{"start":{"line":103,"column":46},"end":{"line":103,"column":47}},"loc":{"start":{"line":103,"column":67},"end":{"line":103,"column":88}},"line":103},"16":{"name":"(anonymous_16)","decl":{"start":{"line":104,"column":39},"end":{"line":104,"column":40}},"loc":{"start":{"line":104,"column":60},"end":{"line":104,"column":81}},"line":104},"17":{"name":"requireFile","decl":{"start":{"line":109,"column":9},"end":{"line":109,"column":20}},"loc":{"start":{"line":109,"column":27},"end":{"line":116,"column":1}},"line":109},"18":{"name":"getIgnoredPatterns","decl":{"start":{"line":120,"column":9},"end":{"line":120,"column":27}},"loc":{"start":{"line":120,"column":38},"end":{"line":138,"column":1}},"line":120},"19":{"name":"(anonymous_19)","decl":{"start":{"line":132,"column":17},"end":{"line":132,"column":18}},"loc":{"start":{"line":132,"column":30},"end":{"line":132,"column":50}},"line":132},"20":{"name":"(anonymous_20)","decl":{"start":{"line":133,"column":20},"end":{"line":133,"column":21}},"loc":{"start":{"line":133,"column":33},"end":{"line":133,"column":62}},"line":133},"21":{"name":"(anonymous_21)","decl":{"start":{"line":134,"column":17},"end":{"line":134,"column":18}},"loc":{"start":{"line":134,"column":30},"end":{"line":134,"column":72}},"line":134},"22":{"name":"toArray","decl":{"start":{"line":140,"column":9},"end":{"line":140,"column":16}},"loc":{"start":{"line":140,"column":23},"end":{"line":144,"column":1}},"line":140}},"branchMap":{"0":{"loc":{"start":{"line":21,"column":12},"end":{"line":52,"column":13}},"type":"switch","locations":[{"start":{"line":22,"column":16},"end":{"line":48,"column":51}},{"start":{"line":49,"column":16},"end":{"line":51,"column":50}}],"line":21},"1":{"loc":{"start":{"line":24,"column":20},"end":{"line":25,"column":54}},"type":"if","locations":[{"start":{"line":24,"column":20},"end":{"line":25,"column":54}},{"start":{"line":24,"column":20},"end":{"line":25,"column":54}}],"line":24},"2":{"loc":{"start":{"line":30,"column":32},"end":{"line":38,"column":33}},"type":"switch","locations":[{"start":{"line":31,"column":36},"end":{"line":33,"column":69}},{"start":{"line":34,"column":36},"end":{"line":36,"column":88}},{"start":{"line":37,"column":36},"end":{"line":37,"column":77}}],"line":30},"3":{"loc":{"start":{"line":42,"column":24},"end":{"line":45,"column":25}},"type":"switch","locations":[{"start":{"line":43,"column":28},"end":{"line":43,"column":82}},{"start":{"line":44,"column":28},"end":{"line":44,"column":69}}],"line":42},"4":{"loc":{"start":{"line":62,"column":8},"end":{"line":69,"column":9}},"type":"if","locations":[{"start":{"line":62,"column":8},"end":{"line":69,"column":9}},{"start":{"line":62,"column":8},"end":{"line":69,"column":9}}],"line":62},"5":{"loc":{"start":{"line":63,"column":12},"end":{"line":64,"column":34}},"type":"if","locations":[{"start":{"line":63,"column":12},"end":{"line":64,"column":34}},{"start":{"line":63,"column":12},"end":{"line":64,"column":34}}],"line":63},"6":{"loc":{"start":{"line":67,"column":12},"end":{"line":68,"column":34}},"type":"if","locations":[{"start":{"line":67,"column":12},"end":{"line":68,"column":34}},{"start":{"line":67,"column":12},"end":{"line":68,"column":34}}],"line":67},"7":{"loc":{"start":{"line":92,"column":8},"end":{"line":100,"column":9}},"type":"if","locations":[{"start":{"line":92,"column":8},"end":{"line":100,"column":9}},{"start":{"line":92,"column":8},"end":{"line":100,"column":9}}],"line":92},"8":{"loc":{"start":{"line":96,"column":12},"end":{"line":97,"column":45}},"type":"if","locations":[{"start":{"line":96,"column":12},"end":{"line":97,"column":45}},{"start":{"line":96,"column":12},"end":{"line":97,"column":45}}],"line":96},"9":{"loc":{"start":{"line":98,"column":12},"end":{"line":99,"column":34}},"type":"if","locations":[{"start":{"line":98,"column":12},"end":{"line":99,"column":34}},{"start":{"line":98,"column":12},"end":{"line":99,"column":34}}],"line":98},"10":{"loc":{"start":{"line":111,"column":4},"end":{"line":113,"column":5}},"type":"if","locations":[{"start":{"line":111,"column":4},"end":{"line":113,"column":5}},{"start":{"line":111,"column":4},"end":{"line":113,"column":5}}],"line":111},"11":{"loc":{"start":{"line":111,"column":8},"end":{"line":111,"column":63}},"type":"binary-expr","locations":[{"start":{"line":111,"column":8},"end":{"line":111,"column":29}},{"start":{"line":111,"column":33},"end":{"line":111,"column":63}}],"line":111},"12":{"loc":{"start":{"line":129,"column":4},"end":{"line":135,"column":5}},"type":"if","locations":[{"start":{"line":129,"column":4},"end":{"line":135,"column":5}},{"start":{"line":129,"column":4},"end":{"line":135,"column":5}}],"line":129},"13":{"loc":{"start":{"line":129,"column":8},"end":{"line":129,"column":53}},"type":"binary-expr","locations":[{"start":{"line":129,"column":8},"end":{"line":129,"column":24}},{"start":{"line":129,"column":28},"end":{"line":129,"column":53}}],"line":129},"14":{"loc":{"start":{"line":133,"column":42},"end":{"line":133,"column":59}},"type":"binary-expr","locations":[{"start":{"line":133,"column":42},"end":{"line":133,"column":43}},{"start":{"line":133,"column":47},"end":{"line":133,"column":59}}],"line":133},"15":{"loc":{"start":{"line":134,"column":39},"end":{"line":134,"column":69}},"type":"cond-expr","locations":[{"start":{"line":134,"column":57},"end":{"line":134,"column":65}},{"start":{"line":134,"column":68},"end":{"line":134,"column":69}}],"line":134},"16":{"loc":{"start":{"line":141,"column":4},"end":{"line":142,"column":18}},"type":"if","locations":[{"start":{"line":141,"column":4},"end":{"line":142,"column":18}},{"start":{"line":141,"column":4},"end":{"line":142,"column":18}}],"line":141},"17":{"loc":{"start":{"line":143,"column":11},"end":{"line":143,"column":46}},"type":"cond-expr","locations":[{"start":{"line":143,"column":33},"end":{"line":143,"column":37}},{"start":{"line":143,"column":40},"end":{"line":143,"column":46}}],"line":143}},"s":{"0":1,"1":1,"2":1,"3":1,"4":146,"5":146,"6":146,"7":248,"8":146,"9":146,"10":44,"11":102,"12":15,"13":15,"14":15,"15":45,"16":15,"17":15,"18":15,"19":15,"20":15,"21":102,"22":102,"23":204,"24":102,"25":102,"26":102,"27":102,"28":102,"29":102,"30":1,"31":84,"32":81,"33":23,"34":4,"35":23,"36":58,"37":57,"38":81,"39":1,"40":1,"41":1,"42":0,"43":0,"44":0,"45":0,"46":0,"47":0,"48":0,"49":0,"50":0,"51":0,"52":0,"53":0,"54":0,"55":0,"56":1,"57":1,"58":134,"59":134,"60":6,"61":134,"62":134,"63":1,"64":1,"65":1,"66":82,"67":82,"68":82,"69":82,"70":0,"71":0,"72":0,"73":0,"74":0,"75":0,"76":0,"77":1,"78":19,"79":0,"80":19,"81":1},"f":{"0":146,"1":146,"2":248,"3":15,"4":15,"5":15,"6":45,"7":102,"8":102,"9":204,"10":84,"11":81,"12":4,"13":0,"14":0,"15":0,"16":0,"17":134,"18":82,"19":0,"20":0,"21":0,"22":19},"b":{"0":[146,102],"1":[44,102],"2":[15,15,15],"3":[102,102],"4":[23,58],"5":[23,0],"6":[57,1],"7":[0,0],"8":[0,0],"9":[0,0],"10":[6,128],"11":[134,128],"12":[0,0],"13":[0,0],"14":[0,0],"15":[0,0],"16":[0,19],"17":[11,8]},"_coverageSchema":"332fd63041d2c1bcb487cc26dd0d5f7d97098a6c","hash":"927bf4e761239f6faf04eaeee21c3f2da0d13886","contentHash":"01d70a66c55bb2f4d35878f388ce566a_11.4.1"},"/Users/Mora/Workspace/node/vscode/dot-template/packages/dot-template-core/src/common/transformer.ts":{"path":"/Users/Mora/Workspace/node/vscode/dot-template/packages/dot-template-core/src/common/transformer.ts","statementMap":{"0":{"start":{"line":2,"column":0},"end":{"line":2,"column":62}},"1":{"start":{"line":4,"column":15},"end":{"line":8,"column":3}},"2":{"start":{"line":5,"column":16},"end":{"line":5,"column":45}},"3":{"start":{"line":6,"column":16},"end":{"line":6,"column":46}},"4":{"start":{"line":7,"column":4},"end":{"line":7,"column":111}},"5":{"start":{"line":10,"column":18},"end":{"line":10,"column":36}},"6":{"start":{"line":11,"column":4},"end":{"line":11,"column":50}},"7":{"start":{"line":13,"column":0},"end":{"line":46,"column":2}},"8":{"start":{"line":18,"column":8},"end":{"line":20,"column":11}},"9":{"start":{"line":19,"column":12},"end":{"line":19,"column":100}},"10":{"start":{"line":26,"column":8},"end":{"line":28,"column":11}},"11":{"start":{"line":27,"column":12},"end":{"line":27,"column":73}},"12":{"start":{"line":34,"column":8},"end":{"line":36,"column":11}},"13":{"start":{"line":35,"column":12},"end":{"line":35,"column":68}},"14":{"start":{"line":42,"column":8},"end":{"line":44,"column":11}},"15":{"start":{"line":43,"column":12},"end":{"line":43,"column":68}}},"fnMap":{"0":{"name":"(anonymous_0)","decl":{"start":{"line":4,"column":15},"end":{"line":4,"column":16}},"loc":{"start":{"line":4,"column":27},"end":{"line":8,"column":1}},"line":4},"1":{"name":"wrap","decl":{"start":{"line":9,"column":9},"end":{"line":9,"column":13}},"loc":{"start":{"line":9,"column":23},"end":{"line":12,"column":1}},"line":9},"2":{"name":"(anonymous_2)","decl":{"start":{"line":17,"column":11},"end":{"line":17,"column":12}},"loc":{"start":{"line":17,"column":26},"end":{"line":21,"column":5}},"line":17},"3":{"name":"(anonymous_3)","decl":{"start":{"line":18,"column":25},"end":{"line":18,"column":26}},"loc":{"start":{"line":18,"column":56},"end":{"line":20,"column":9}},"line":18},"4":{"name":"(anonymous_4)","decl":{"start":{"line":25,"column":16},"end":{"line":25,"column":17}},"loc":{"start":{"line":25,"column":31},"end":{"line":29,"column":5}},"line":25},"5":{"name":"(anonymous_5)","decl":{"start":{"line":26,"column":25},"end":{"line":26,"column":26}},"loc":{"start":{"line":26,"column":56},"end":{"line":28,"column":9}},"line":26},"6":{"name":"(anonymous_6)","decl":{"start":{"line":33,"column":11},"end":{"line":33,"column":12}},"loc":{"start":{"line":33,"column":26},"end":{"line":37,"column":5}},"line":33},"7":{"name":"(anonymous_7)","decl":{"start":{"line":34,"column":25},"end":{"line":34,"column":26}},"loc":{"start":{"line":34,"column":56},"end":{"line":36,"column":9}},"line":34},"8":{"name":"(anonymous_8)","decl":{"start":{"line":41,"column":11},"end":{"line":41,"column":12}},"loc":{"start":{"line":41,"column":26},"end":{"line":45,"column":5}},"line":41},"9":{"name":"(anonymous_9)","decl":{"start":{"line":42,"column":25},"end":{"line":42,"column":26}},"loc":{"start":{"line":42,"column":56},"end":{"line":44,"column":9}},"line":42}},"branchMap":{"0":{"loc":{"start":{"line":11,"column":11},"end":{"line":11,"column":49}},"type":"cond-expr","locations":[{"start":{"line":11,"column":21},"end":{"line":11,"column":43}},{"start":{"line":11,"column":46},"end":{"line":11,"column":49}}],"line":11},"1":{"loc":{"start":{"line":19,"column":43},"end":{"line":19,"column":80}},"type":"cond-expr","locations":[{"start":{"line":19,"column":51},"end":{"line":19,"column":64}},{"start":{"line":19,"column":67},"end":{"line":19,"column":80}}],"line":19},"2":{"loc":{"start":{"line":35,"column":29},"end":{"line":35,"column":45}},"type":"cond-expr","locations":[{"start":{"line":35,"column":37},"end":{"line":35,"column":40}},{"start":{"line":35,"column":43},"end":{"line":35,"column":45}}],"line":35},"3":{"loc":{"start":{"line":43,"column":29},"end":{"line":43,"column":45}},"type":"cond-expr","locations":[{"start":{"line":43,"column":37},"end":{"line":43,"column":40}},{"start":{"line":43,"column":43},"end":{"line":43,"column":45}}],"line":43}},"s":{"0":1,"1":1,"2":1,"3":1,"4":1,"5":603,"6":603,"7":1,"8":153,"9":231,"10":152,"11":231,"12":148,"13":226,"14":150,"15":230},"f":{"0":1,"1":603,"2":153,"3":231,"4":152,"5":231,"6":148,"7":226,"8":150,"9":230},"b":{"0":[601,2],"1":[79,152],"2":[78,148],"3":[80,150]},"_coverageSchema":"332fd63041d2c1bcb487cc26dd0d5f7d97098a6c","hash":"1e279b5456d6dfd3c4e460b086994f5cfec00136","contentHash":"3c0cea2d8eef50690f0d039c1ae6ad21_11.4.1"},"/Users/Mora/Workspace/node/vscode/dot-template/packages/dot-template-core/src/core/common.ts":{"path":"/Users/Mora/Workspace/node/vscode/dot-template/packages/dot-template-core/src/core/common.ts","statementMap":{"0":{"start":{"line":2,"column":0},"end":{"line":2,"column":62}},"1":{"start":{"line":3,"column":14},"end":{"line":3,"column":30}},"2":{"start":{"line":4,"column":0},"end":{"line":4,"column":59}},"3":{"start":{"line":5,"column":0},"end":{"line":5,"column":62}},"4":{"start":{"line":6,"column":0},"end":{"line":6,"column":57}},"5":{"start":{"line":7,"column":0},"end":{"line":7,"column":64}}},"fnMap":{},"branchMap":{},"s":{"0":1,"1":1,"2":1,"3":1,"4":1,"5":1},"f":{},"b":{},"_coverageSchema":"332fd63041d2c1bcb487cc26dd0d5f7d97098a6c","hash":"67fd9d47b7e7e7ce59d4d562d599de25d69e13d7","contentHash":"e2e83d4157ca8c4ed31e4ec523cd5e40_11.4.1"},"/Users/Mora/Workspace/node/vscode/dot-template/packages/dot-template-core/src/common/interface.ts":{"path":"/Users/Mora/Workspace/node/vscode/dot-template/packages/dot-template-core/src/common/interface.ts","statementMap":{"0":{"start":{"line":2,"column":0},"end":{"line":2,"column":62}},"1":{"start":{"line":3,"column":15},"end":{"line":3,"column":45}},"2":{"start":{"line":4,"column":0},"end":{"line":4,"column":33}},"3":{"start":{"line":5,"column":17},"end":{"line":5,"column":49}},"4":{"start":{"line":6,"column":0},"end":{"line":6,"column":39}}},"fnMap":{},"branchMap":{},"s":{"0":1,"1":1,"2":1,"3":1,"4":1},"f":{},"b":{},"_coverageSchema":"332fd63041d2c1bcb487cc26dd0d5f7d97098a6c","hash":"91fbf3b5f3d98df7424ccdb82ab24eb8a2a7d5e9","contentHash":"6fc9134fa705d8d7a2156016459cc581_11.4.1"},"/Users/Mora/Workspace/node/vscode/dot-template/packages/dot-template-core/src/core/file/Source.ts":{"path":"/Users/Mora/Workspace/node/vscode/dot-template/packages/dot-template-core/src/core/file/Source.ts","statementMap":{"0":{"start":{"line":2,"column":0},"end":{"line":2,"column":62}},"1":{"start":{"line":3,"column":14},"end":{"line":3,"column":30}},"2":{"start":{"line":4,"column":11},"end":{"line":4,"column":26}},"3":{"start":{"line":5,"column":16},"end":{"line":5,"column":36}},"4":{"start":{"line":6,"column":9},"end":{"line":6,"column":28}},"5":{"start":{"line":7,"column":17},"end":{"line":7,"column":38}},"6":{"start":{"line":8,"column":15},"end":{"line":8,"column":35}},"7":{"start":{"line":9,"column":28},"end":{"line":196,"column":3}},"8":{"start":{"line":11,"column":8},"end":{"line":11,"column":23}},"9":{"start":{"line":12,"column":8},"end":{"line":12,"column":33}},"10":{"start":{"line":14,"column":8},"end":{"line":17,"column":21}},"11":{"start":{"line":15,"column":12},"end":{"line":15,"column":42}},"12":{"start":{"line":18,"column":8},"end":{"line":18,"column":30}},"13":{"start":{"line":19,"column":8},"end":{"line":19,"column":53}},"14":{"start":{"line":20,"column":8},"end":{"line":20,"column":63}},"15":{"start":{"line":21,"column":8},"end":{"line":21,"column":87}},"16":{"start":{"line":22,"column":8},"end":{"line":22,"column":80}},"17":{"start":{"line":23,"column":8},"end":{"line":23,"column":83}},"18":{"start":{"line":25,"column":4},"end":{"line":34,"column":7}},"19":{"start":{"line":27,"column":12},"end":{"line":29,"column":13}},"20":{"start":{"line":28,"column":16},"end":{"line":28,"column":82}},"21":{"start":{"line":30,"column":12},"end":{"line":30,"column":35}},"22":{"start":{"line":35,"column":4},"end":{"line":37,"column":6}},"23":{"start":{"line":36,"column":8},"end":{"line":36,"column":75}},"24":{"start":{"line":38,"column":4},"end":{"line":72,"column":6}},"25":{"start":{"line":39,"column":20},"end":{"line":39,"column":24}},"26":{"start":{"line":40,"column":29},"end":{"line":40,"column":73}},"27":{"start":{"line":41,"column":26},"end":{"line":41,"column":129}},"28":{"start":{"line":41,"column":90},"end":{"line":41,"column":126}},"29":{"start":{"line":44,"column":8},"end":{"line":46,"column":9}},"30":{"start":{"line":45,"column":12},"end":{"line":45,"column":103}},"31":{"start":{"line":45,"column":60},"end":{"line":45,"column":99}},"32":{"start":{"line":47,"column":8},"end":{"line":47,"column":47}},"33":{"start":{"line":48,"column":8},"end":{"line":69,"column":9}},"34":{"start":{"line":49,"column":29},"end":{"line":49,"column":46}},"35":{"start":{"line":50,"column":12},"end":{"line":68,"column":13}},"36":{"start":{"line":51,"column":33},"end":{"line":51,"column":76}},"37":{"start":{"line":52,"column":29},"end":{"line":52,"column":35}},"38":{"start":{"line":53,"column":16},"end":{"line":56,"column":17}},"39":{"start":{"line":54,"column":20},"end":{"line":54,"column":60}},"40":{"start":{"line":55,"column":20},"end":{"line":55,"column":61}},"41":{"start":{"line":57,"column":16},"end":{"line":67,"column":17}},"42":{"start":{"line":58,"column":39},"end":{"line":58,"column":120}},"43":{"start":{"line":59,"column":20},"end":{"line":66,"column":21}},"44":{"start":{"line":60,"column":43},"end":{"line":60,"column":86}},"45":{"start":{"line":61,"column":24},"end":{"line":61,"column":114}},"46":{"start":{"line":62,"column":24},"end":{"line":62,"column":176}},"47":{"start":{"line":65,"column":24},"end":{"line":65,"column":71}},"48":{"start":{"line":70,"column":8},"end":{"line":70,"column":130}},"49":{"start":{"line":71,"column":8},"end":{"line":71,"column":15}},"50":{"start":{"line":76,"column":4},"end":{"line":126,"column":6}},"51":{"start":{"line":77,"column":20},"end":{"line":77,"column":24}},"52":{"start":{"line":78,"column":38},"end":{"line":78,"column":84}},"53":{"start":{"line":79,"column":8},"end":{"line":125,"column":11}},"54":{"start":{"line":80,"column":26},"end":{"line":80,"column":76}},"55":{"start":{"line":81,"column":31},"end":{"line":81,"column":63}},"56":{"start":{"line":82,"column":24},"end":{"line":82,"column":29}},"57":{"start":{"line":83,"column":12},"end":{"line":109,"column":13}},"58":{"start":{"line":84,"column":16},"end":{"line":84,"column":29}},"59":{"start":{"line":87,"column":16},"end":{"line":108,"column":19}},"60":{"start":{"line":88,"column":33},"end":{"line":88,"column":38}},"61":{"start":{"line":89,"column":20},"end":{"line":103,"column":21}},"62":{"start":{"line":90,"column":24},"end":{"line":95,"column":25}},"63":{"start":{"line":91,"column":28},"end":{"line":91,"column":66}},"64":{"start":{"line":94,"column":28},"end":{"line":94,"column":147}},"65":{"start":{"line":97,"column":25},"end":{"line":103,"column":21}},"66":{"start":{"line":98,"column":24},"end":{"line":98,"column":105}},"67":{"start":{"line":101,"column":24},"end":{"line":101,"column":231}},"68":{"start":{"line":102,"column":24},"end":{"line":102,"column":39}},"69":{"start":{"line":104,"column":20},"end":{"line":106,"column":21}},"70":{"start":{"line":105,"column":24},"end":{"line":105,"column":137}},"71":{"start":{"line":107,"column":20},"end":{"line":107,"column":34}},"72":{"start":{"line":110,"column":12},"end":{"line":123,"column":13}},"73":{"start":{"line":111,"column":16},"end":{"line":122,"column":17}},"74":{"start":{"line":112,"column":20},"end":{"line":112,"column":160}},"75":{"start":{"line":113,"column":20},"end":{"line":113,"column":34}},"76":{"start":{"line":116,"column":32},"end":{"line":116,"column":57}},"77":{"start":{"line":117,"column":20},"end":{"line":121,"column":21}},"78":{"start":{"line":120,"column":24},"end":{"line":120,"column":38}},"79":{"start":{"line":124,"column":12},"end":{"line":124,"column":25}},"80":{"start":{"line":130,"column":4},"end":{"line":160,"column":6}},"81":{"start":{"line":131,"column":8},"end":{"line":141,"column":9}},"82":{"start":{"line":132,"column":25},"end":{"line":132,"column":80}},"83":{"start":{"line":133,"column":22},"end":{"line":133,"column":80}},"84":{"start":{"line":134,"column":12},"end":{"line":140,"column":13}},"85":{"start":{"line":135,"column":16},"end":{"line":135,"column":55}},"86":{"start":{"line":138,"column":16},"end":{"line":138,"column":230}},"87":{"start":{"line":139,"column":16},"end":{"line":139,"column":23}},"88":{"start":{"line":142,"column":18},"end":{"line":142,"column":50}},"89":{"start":{"line":144,"column":8},"end":{"line":154,"column":9}},"90":{"start":{"line":145,"column":21},"end":{"line":145,"column":52}},"91":{"start":{"line":146,"column":12},"end":{"line":153,"column":13}},"92":{"start":{"line":147,"column":16},"end":{"line":147,"column":77}},"93":{"start":{"line":148,"column":17},"end":{"line":153,"column":13}},"94":{"start":{"line":149,"column":16},"end":{"line":149,"column":28}},"95":{"start":{"line":151,"column":16},"end":{"line":151,"column":149}},"96":{"start":{"line":152,"column":16},"end":{"line":152,"column":23}},"97":{"start":{"line":155,"column":8},"end":{"line":158,"column":9}},"98":{"start":{"line":156,"column":12},"end":{"line":156,"column":120}},"99":{"start":{"line":157,"column":12},"end":{"line":157,"column":19}},"100":{"start":{"line":159,"column":8},"end":{"line":159,"column":22}},"101":{"start":{"line":164,"column":4},"end":{"line":179,"column":6}},"102":{"start":{"line":166,"column":20},"end":{"line":166,"column":42}},"103":{"start":{"line":167,"column":8},"end":{"line":174,"column":9}},"104":{"start":{"line":168,"column":20},"end":{"line":168,"column":31}},"105":{"start":{"line":169,"column":20},"end":{"line":169,"column":44}},"106":{"start":{"line":170,"column":12},"end":{"line":173,"column":13}},"107":{"start":{"line":171,"column":16},"end":{"line":171,"column":27}},"108":{"start":{"line":172,"column":16},"end":{"line":172,"column":22}},"109":{"start":{"line":175,"column":8},"end":{"line":177,"column":9}},"110":{"start":{"line":176,"column":12},"end":{"line":176,"column":103}},"111":{"start":{"line":178,"column":8},"end":{"line":178,"column":22}},"112":{"start":{"line":183,"column":4},"end":{"line":194,"column":6}},"113":{"start":{"line":184,"column":21},"end":{"line":184,"column":23}},"114":{"start":{"line":185,"column":18},"end":{"line":185,"column":31}},"115":{"start":{"line":186,"column":8},"end":{"line":186,"column":25}},"116":{"start":{"line":187,"column":8},"end":{"line":190,"column":9}},"117":{"start":{"line":188,"column":12},"end":{"line":188,"column":42}},"118":{"start":{"line":189,"column":12},"end":{"line":189,"column":29}},"119":{"start":{"line":191,"column":8},"end":{"line":192,"column":42}},"120":{"start":{"line":192,"column":12},"end":{"line":192,"column":42}},"121":{"start":{"line":193,"column":8},"end":{"line":193,"column":22}},"122":{"start":{"line":195,"column":4},"end":{"line":195,"column":18}},"123":{"start":{"line":197,"column":0},"end":{"line":197,"column":24}}},"fnMap":{"0":{"name":"(anonymous_0)","decl":{"start":{"line":9,"column":28},"end":{"line":9,"column":29}},"loc":{"start":{"line":9,"column":40},"end":{"line":196,"column":1}},"line":9},"1":{"name":"Source","decl":{"start":{"line":10,"column":13},"end":{"line":10,"column":19}},"loc":{"start":{"line":10,"column":35},"end":{"line":24,"column":5}},"line":10},"2":{"name":"(anonymous_2)","decl":{"start":{"line":26,"column":13},"end":{"line":26,"column":14}},"loc":{"start":{"line":26,"column":25},"end":{"line":31,"column":9}},"line":26},"3":{"name":"(anonymous_3)","decl":{"start":{"line":35,"column":38},"end":{"line":35,"column":39}},"loc":{"start":{"line":35,"column":78},"end":{"line":37,"column":5}},"line":35},"4":{"name":"(anonymous_4)","decl":{"start":{"line":38,"column":29},"end":{"line":38,"column":30}},"loc":{"start":{"line":38,"column":60},"end":{"line":72,"column":5}},"line":38},"5":{"name":"(anonymous_5)","decl":{"start":{"line":41,"column":75},"end":{"line":41,"column":76}},"loc":{"start":{"line":41,"column":88},"end":{"line":41,"column":128}},"line":41},"6":{"name":"(anonymous_6)","decl":{"start":{"line":45,"column":45},"end":{"line":45,"column":46}},"loc":{"start":{"line":45,"column":58},"end":{"line":45,"column":101}},"line":45},"7":{"name":"(anonymous_7)","decl":{"start":{"line":76,"column":47},"end":{"line":76,"column":48}},"loc":{"start":{"line":76,"column":110},"end":{"line":126,"column":5}},"line":76},"8":{"name":"(anonymous_8)","decl":{"start":{"line":79,"column":37},"end":{"line":79,"column":38}},"loc":{"start":{"line":79,"column":50},"end":{"line":125,"column":9}},"line":79},"9":{"name":"(anonymous_9)","decl":{"start":{"line":87,"column":39},"end":{"line":87,"column":40}},"loc":{"start":{"line":87,"column":52},"end":{"line":108,"column":17}},"line":87},"10":{"name":"(anonymous_10)","decl":{"start":{"line":130,"column":38},"end":{"line":130,"column":39}},"loc":{"start":{"line":130,"column":60},"end":{"line":160,"column":5}},"line":130},"11":{"name":"(anonymous_11)","decl":{"start":{"line":164,"column":50},"end":{"line":164,"column":51}},"loc":{"start":{"line":164,"column":72},"end":{"line":179,"column":5}},"line":164},"12":{"name":"(anonymous_12)","decl":{"start":{"line":183,"column":61},"end":{"line":183,"column":62}},"loc":{"start":{"line":183,"column":73},"end":{"line":194,"column":5}},"line":183}},"branchMap":{"0":{"loc":{"start":{"line":19,"column":22},"end":{"line":19,"column":52}},"type":"cond-expr","locations":[{"start":{"line":19,"column":30},"end":{"line":19,"column":44}},{"start":{"line":19,"column":47},"end":{"line":19,"column":52}}],"line":19},"1":{"loc":{"start":{"line":20,"column":27},"end":{"line":20,"column":62}},"type":"cond-expr","locations":[{"start":{"line":20,"column":35},"end":{"line":20,"column":54}},{"start":{"line":20,"column":57},"end":{"line":20,"column":62}}],"line":20},"2":{"loc":{"start":{"line":21,"column":27},"end":{"line":21,"column":86}},"type":"cond-expr","locations":[{"start":{"line":21,"column":41},"end":{"line":21,"column":81}},{"start":{"line":21,"column":84},"end":{"line":21,"column":86}}],"line":21},"3":{"loc":{"start":{"line":27,"column":12},"end":{"line":29,"column":13}},"type":"if","locations":[{"start":{"line":27,"column":12},"end":{"line":29,"column":13}},{"start":{"line":27,"column":12},"end":{"line":29,"column":13}}],"line":27},"4":{"loc":{"start":{"line":44,"column":8},"end":{"line":46,"column":9}},"type":"if","locations":[{"start":{"line":44,"column":8},"end":{"line":46,"column":9}},{"start":{"line":44,"column":8},"end":{"line":46,"column":9}}],"line":44},"5":{"loc":{"start":{"line":44,"column":12},"end":{"line":44,"column":82}},"type":"binary-expr","locations":[{"start":{"line":44,"column":12},"end":{"line":44,"column":31}},{"start":{"line":44,"column":35},"end":{"line":44,"column":82}}],"line":44},"6":{"loc":{"start":{"line":50,"column":12},"end":{"line":68,"column":13}},"type":"if","locations":[{"start":{"line":50,"column":12},"end":{"line":68,"column":13}},{"start":{"line":50,"column":12},"end":{"line":68,"column":13}}],"line":50},"7":{"loc":{"start":{"line":53,"column":16},"end":{"line":56,"column":17}},"type":"if","locations":[{"start":{"line":53,"column":16},"end":{"line":56,"column":17}},{"start":{"line":53,"column":16},"end":{"line":56,"column":17}}],"line":53},"8":{"loc":{"start":{"line":57,"column":16},"end":{"line":67,"column":17}},"type":"if","locations":[{"start":{"line":57,"column":16},"end":{"line":67,"column":17}},{"start":{"line":57,"column":16},"end":{"line":67,"column":17}}],"line":57},"9":{"loc":{"start":{"line":59,"column":20},"end":{"line":66,"column":21}},"type":"if","locations":[{"start":{"line":59,"column":20},"end":{"line":66,"column":21}},{"start":{"line":59,"column":20},"end":{"line":66,"column":21}}],"line":59},"10":{"loc":{"start":{"line":62,"column":103},"end":{"line":62,"column":126}},"type":"binary-expr","locations":[{"start":{"line":62,"column":103},"end":{"line":62,"column":120}},{"start":{"line":62,"column":124},"end":{"line":62,"column":126}}],"line":62},"11":{"loc":{"start":{"line":62,"column":130},"end":{"line":62,"column":158}},"type":"binary-expr","locations":[{"start":{"line":62,"column":130},"end":{"line":62,"column":152}},{"start":{"line":62,"column":156},"end":{"line":62,"column":158}}],"line":62},"12":{"loc":{"start":{"line":80,"column":26},"end":{"line":80,"column":76}},"type":"cond-expr","locations":[{"start":{"line":80,"column":53},"end":{"line":80,"column":62}},{"start":{"line":80,"column":65},"end":{"line":80,"column":76}}],"line":80},"13":{"loc":{"start":{"line":83,"column":12},"end":{"line":109,"column":13}},"type":"if","locations":[{"start":{"line":83,"column":12},"end":{"line":109,"column":13}},{"start":{"line":83,"column":12},"end":{"line":109,"column":13}}],"line":83},"14":{"loc":{"start":{"line":83,"column":16},"end":{"line":83,"column":81}},"type":"binary-expr","locations":[{"start":{"line":83,"column":16},"end":{"line":83,"column":47}},{"start":{"line":83,"column":51},"end":{"line":83,"column":81}}],"line":83},"15":{"loc":{"start":{"line":89,"column":20},"end":{"line":103,"column":21}},"type":"if","locations":[{"start":{"line":89,"column":20},"end":{"line":103,"column":21}},{"start":{"line":89,"column":20},"end":{"line":103,"column":21}}],"line":89},"16":{"loc":{"start":{"line":90,"column":24},"end":{"line":95,"column":25}},"type":"if","locations":[{"start":{"line":90,"column":24},"end":{"line":95,"column":25}},{"start":{"line":90,"column":24},"end":{"line":95,"column":25}}],"line":90},"17":{"loc":{"start":{"line":94,"column":74},"end":{"line":94,"column":145}},"type":"cond-expr","locations":[{"start":{"line":94,"column":108},"end":{"line":94,"column":131}},{"start":{"line":94,"column":134},"end":{"line":94,"column":145}}],"line":94},"18":{"loc":{"start":{"line":97,"column":25},"end":{"line":103,"column":21}},"type":"if","locations":[{"start":{"line":97,"column":25},"end":{"line":103,"column":21}},{"start":{"line":97,"column":25},"end":{"line":103,"column":21}}],"line":97},"19":{"loc":{"start":{"line":104,"column":20},"end":{"line":106,"column":21}},"type":"if","locations":[{"start":{"line":104,"column":20},"end":{"line":106,"column":21}},{"start":{"line":104,"column":20},"end":{"line":106,"column":21}}],"line":104},"20":{"loc":{"start":{"line":105,"column":100},"end":{"line":105,"column":117}},"type":"cond-expr","locations":[{"start":{"line":105,"column":109},"end":{"line":105,"column":111}},{"start":{"line":105,"column":114},"end":{"line":105,"column":117}}],"line":105},"21":{"loc":{"start":{"line":110,"column":12},"end":{"line":123,"column":13}},"type":"if","locations":[{"start":{"line":110,"column":12},"end":{"line":123,"column":13}},{"start":{"line":110,"column":12},"end":{"line":123,"column":13}}],"line":110},"22":{"loc":{"start":{"line":111,"column":16},"end":{"line":122,"column":17}},"type":"if","locations":[{"start":{"line":111,"column":16},"end":{"line":122,"column":17}},{"start":{"line":111,"column":16},"end":{"line":122,"column":17}}],"line":111},"23":{"loc":{"start":{"line":117,"column":20},"end":{"line":121,"column":21}},"type":"if","locations":[{"start":{"line":117,"column":20},"end":{"line":121,"column":21}},{"start":{"line":117,"column":20},"end":{"line":121,"column":21}}],"line":117},"24":{"loc":{"start":{"line":117,"column":24},"end":{"line":117,"column":108}},"type":"binary-expr","locations":[{"start":{"line":117,"column":24},"end":{"line":117,"column":38}},{"start":{"line":117,"column":42},"end":{"line":117,"column":61}},{"start":{"line":117,"column":65},"end":{"line":117,"column":84}},{"start":{"line":117,"column":88},"end":{"line":117,"column":108}}],"line":117},"25":{"loc":{"start":{"line":131,"column":8},"end":{"line":141,"column":9}},"type":"if","locations":[{"start":{"line":131,"column":8},"end":{"line":141,"column":9}},{"start":{"line":131,"column":8},"end":{"line":141,"column":9}}],"line":131},"26":{"loc":{"start":{"line":134,"column":12},"end":{"line":140,"column":13}},"type":"if","locations":[{"start":{"line":134,"column":12},"end":{"line":140,"column":13}},{"start":{"line":134,"column":12},"end":{"line":140,"column":13}}],"line":134},"27":{"loc":{"start":{"line":134,"column":16},"end":{"line":134,"column":59}},"type":"binary-expr","locations":[{"start":{"line":134,"column":16},"end":{"line":134,"column":37}},{"start":{"line":134,"column":41},"end":{"line":134,"column":59}}],"line":134},"28":{"loc":{"start":{"line":144,"column":8},"end":{"line":154,"column":9}},"type":"if","locations":[{"start":{"line":144,"column":8},"end":{"line":154,"column":9}},{"start":{"line":144,"column":8},"end":{"line":154,"column":9}}],"line":144},"29":{"loc":{"start":{"line":145,"column":21},"end":{"line":145,"column":52}},"type":"cond-expr","locations":[{"start":{"line":145,"column":35},"end":{"line":145,"column":46}},{"start":{"line":145,"column":49},"end":{"line":145,"column":52}}],"line":145},"30":{"loc":{"start":{"line":146,"column":12},"end":{"line":153,"column":13}},"type":"if","locations":[{"start":{"line":146,"column":12},"end":{"line":153,"column":13}},{"start":{"line":146,"column":12},"end":{"line":153,"column":13}}],"line":146},"31":{"loc":{"start":{"line":148,"column":17},"end":{"line":153,"column":13}},"type":"if","locations":[{"start":{"line":148,"column":17},"end":{"line":153,"column":13}},{"start":{"line":148,"column":17},"end":{"line":153,"column":13}}],"line":148},"32":{"loc":{"start":{"line":155,"column":8},"end":{"line":158,"column":9}},"type":"if","locations":[{"start":{"line":155,"column":8},"end":{"line":158,"column":9}},{"start":{"line":155,"column":8},"end":{"line":158,"column":9}}],"line":155},"33":{"loc":{"start":{"line":155,"column":12},"end":{"line":155,"column":77}},"type":"binary-expr","locations":[{"start":{"line":155,"column":12},"end":{"line":155,"column":18}},{"start":{"line":155,"column":23},"end":{"line":155,"column":40}},{"start":{"line":155,"column":44},"end":{"line":155,"column":76}}],"line":155},"34":{"loc":{"start":{"line":170,"column":12},"end":{"line":173,"column":13}},"type":"if","locations":[{"start":{"line":170,"column":12},"end":{"line":173,"column":13}},{"start":{"line":170,"column":12},"end":{"line":173,"column":13}}],"line":170},"35":{"loc":{"start":{"line":170,"column":16},"end":{"line":170,"column":59}},"type":"binary-expr","locations":[{"start":{"line":170,"column":16},"end":{"line":170,"column":32}},{"start":{"line":170,"column":36},"end":{"line":170,"column":59}}],"line":170},"36":{"loc":{"start":{"line":175,"column":8},"end":{"line":177,"column":9}},"type":"if","locations":[{"start":{"line":175,"column":8},"end":{"line":177,"column":9}},{"start":{"line":175,"column":8},"end":{"line":177,"column":9}}],"line":175},"37":{"loc":{"start":{"line":191,"column":8},"end":{"line":192,"column":42}},"type":"if","locations":[{"start":{"line":191,"column":8},"end":{"line":192,"column":42}},{"start":{"line":191,"column":8},"end":{"line":192,"column":42}}],"line":191},"38":{"loc":{"start":{"line":191,"column":12},"end":{"line":191,"column":68}},"type":"binary-expr","locations":[{"start":{"line":191,"column":12},"end":{"line":191,"column":28}},{"start":{"line":191,"column":32},"end":{"line":191,"column":68}}],"line":191}},"s":{"0":1,"1":1,"2":1,"3":1,"4":1,"5":1,"6":1,"7":1,"8":182,"9":182,"10":182,"11":182,"12":182,"13":182,"14":182,"15":182,"16":182,"17":182,"18":1,"19":154,"20":147,"21":154,"22":1,"23":69,"24":1,"25":104,"26":104,"27":104,"28":1472,"29":104,"30":2,"31":28,"32":104,"33":104,"34":701,"35":701,"36":134,"37":134,"38":134,"39":134,"40":134,"41":134,"42":134,"43":134,"44":69,"45":69,"46":69,"47":65,"48":35,"49":35,"50":1,"51":134,"52":134,"53":134,"54":719,"55":719,"56":719,"57":719,"58":0,"59":719,"60":719,"61":719,"62":565,"63":0,"64":565,"65":154,"66":154,"67":0,"68":0,"69":719,"70":608,"71":719,"72":719,"73":70,"74":1,"75":1,"76":69,"77":69,"78":0,"79":719,"80":1,"81":134,"82":0,"83":0,"84":0,"85":0,"86":0,"87":0,"88":134,"89":134,"90":134,"91":134,"92":134,"93":0,"94":0,"95":0,"96":0,"97":134,"98":0,"99":0,"100":134,"101":1,"102":134,"103":134,"104":134,"105":134,"106":134,"107":134,"108":134,"109":134,"110":0,"111":134,"112":1,"113":104,"114":104,"115":104,"116":104,"117":1368,"118":1368,"119":104,"120":0,"121":104,"122":1,"123":1},"f":{"0":1,"1":182,"2":154,"3":69,"4":104,"5":1472,"6":28,"7":134,"8":719,"9":719,"10":134,"11":134,"12":104},"b":{"0":[82,100],"1":[82,100],"2":[62,120],"3":[147,7],"4":[2,102],"5":[104,20],"6":[134,567],"7":[134,0],"8":[134,0],"9":[69,65],"10":[69,67],"11":[69,67],"12":[87,632],"13":[0,719],"14":[719,0],"15":[565,154],"16":[0,565],"17":[565,0],"18":[154,0],"19":[608,111],"20":[68,540],"21":[70,649],"22":[1,69],"23":[0,69],"24":[69,51,69,18],"25":[0,134],"26":[0,0],"27":[0,0],"28":[134,0],"29":[37,97],"30":[134,0],"31":[0,0],"32":[0,134],"33":[134,134,134],"34":[134,0],"35":[134,134],"36":[0,134],"37":[0,104],"38":[104,104]},"_coverageSchema":"332fd63041d2c1bcb487cc26dd0d5f7d97098a6c","hash":"8e34c21a7d77e31720b547ed32382a68746a9610","contentHash":"942b87b7bd32cdae6bcdbb03b4763dbf_11.4.1"},"/Users/Mora/Workspace/node/vscode/dot-template/packages/dot-template-core/src/core/file/Template.ts":{"path":"/Users/Mora/Workspace/node/vscode/dot-template/packages/dot-template-core/src/core/file/Template.ts","statementMap":{"0":{"start":{"line":2,"column":0},"end":{"line":2,"column":62}},"1":{"start":{"line":3,"column":15},"end":{"line":3,"column":35}},"2":{"start":{"line":4,"column":30},"end":{"line":43,"column":3}},"3":{"start":{"line":6,"column":8},"end":{"line":6,"column":29}},"4":{"start":{"line":7,"column":8},"end":{"line":7,"column":33}},"5":{"start":{"line":8,"column":8},"end":{"line":8,"column":25}},"6":{"start":{"line":9,"column":8},"end":{"line":9,"column":29}},"7":{"start":{"line":10,"column":8},"end":{"line":10,"column":30}},"8":{"start":{"line":12,"column":4},"end":{"line":20,"column":6}},"9":{"start":{"line":13,"column":8},"end":{"line":18,"column":9}},"10":{"start":{"line":14,"column":25},"end":{"line":14,"column":115}},"11":{"start":{"line":15,"column":12},"end":{"line":16,"column":28}},"12":{"start":{"line":16,"column":16},"end":{"line":16,"column":28}},"13":{"start":{"line":17,"column":12},"end":{"line":17,"column":26}},"14":{"start":{"line":19,"column":8},"end":{"line":19,"column":20}},"15":{"start":{"line":21,"column":4},"end":{"line":27,"column":6}},"16":{"start":{"line":22,"column":21},"end":{"line":22,"column":32}},"17":{"start":{"line":23,"column":26},"end":{"line":23,"column":44}},"18":{"start":{"line":24,"column":8},"end":{"line":26,"column":9}},"19":{"start":{"line":25,"column":12},"end":{"line":25,"column":114}},"20":{"start":{"line":28,"column":4},"end":{"line":34,"column":6}},"21":{"start":{"line":29,"column":22},"end":{"line":29,"column":41}},"22":{"start":{"line":30,"column":8},"end":{"line":32,"column":9}},"23":{"start":{"line":31,"column":12},"end":{"line":31,"column":129}},"24":{"start":{"line":33,"column":8},"end":{"line":33,"column":18}},"25":{"start":{"line":35,"column":4},"end":{"line":41,"column":6}},"26":{"start":{"line":36,"column":21},"end":{"line":36,"column":39}},"27":{"start":{"line":37,"column":8},"end":{"line":39,"column":9}},"28":{"start":{"line":38,"column":12},"end":{"line":38,"column":127}},"29":{"start":{"line":40,"column":8},"end":{"line":40,"column":18}},"30":{"start":{"line":42,"column":4},"end":{"line":42,"column":20}},"31":{"start":{"line":44,"column":0},"end":{"line":44,"column":28}}},"fnMap":{"0":{"name":"(anonymous_0)","decl":{"start":{"line":4,"column":30},"end":{"line":4,"column":31}},"loc":{"start":{"line":4,"column":42},"end":{"line":43,"column":1}},"line":4},"1":{"name":"Template","decl":{"start":{"line":5,"column":13},"end":{"line":5,"column":21}},"loc":{"start":{"line":5,"column":54},"end":{"line":11,"column":5}},"line":5},"2":{"name":"(anonymous_2)","decl":{"start":{"line":12,"column":32},"end":{"line":12,"column":33}},"loc":{"start":{"line":12,"column":54},"end":{"line":20,"column":5}},"line":12},"3":{"name":"(anonymous_3)","decl":{"start":{"line":21,"column":37},"end":{"line":21,"column":38}},"loc":{"start":{"line":21,"column":71},"end":{"line":27,"column":5}},"line":21},"4":{"name":"(anonymous_4)","decl":{"start":{"line":28,"column":43},"end":{"line":28,"column":44}},"loc":{"start":{"line":28,"column":55},"end":{"line":34,"column":5}},"line":28},"5":{"name":"(anonymous_5)","decl":{"start":{"line":35,"column":36},"end":{"line":35,"column":37}},"loc":{"start":{"line":35,"column":48},"end":{"line":41,"column":5}},"line":35}},"branchMap":{"0":{"loc":{"start":{"line":13,"column":8},"end":{"line":18,"column":9}},"type":"if","locations":[{"start":{"line":13,"column":8},"end":{"line":18,"column":9}},{"start":{"line":13,"column":8},"end":{"line":18,"column":9}}],"line":13},"1":{"loc":{"start":{"line":15,"column":12},"end":{"line":16,"column":28}},"type":"if","locations":[{"start":{"line":15,"column":12},"end":{"line":16,"column":28}},{"start":{"line":15,"column":12},"end":{"line":16,"column":28}}],"line":15},"2":{"loc":{"start":{"line":24,"column":8},"end":{"line":26,"column":9}},"type":"if","locations":[{"start":{"line":24,"column":8},"end":{"line":26,"column":9}},{"start":{"line":24,"column":8},"end":{"line":26,"column":9}}],"line":24},"3":{"loc":{"start":{"line":30,"column":8},"end":{"line":32,"column":9}},"type":"if","locations":[{"start":{"line":30,"column":8},"end":{"line":32,"column":9}},{"start":{"line":30,"column":8},"end":{"line":32,"column":9}}],"line":30},"4":{"loc":{"start":{"line":37,"column":8},"end":{"line":39,"column":9}},"type":"if","locations":[{"start":{"line":37,"column":8},"end":{"line":39,"column":9}},{"start":{"line":37,"column":8},"end":{"line":39,"column":9}}],"line":37}},"s":{"0":1,"1":1,"2":1,"3":69,"4":69,"5":69,"6":69,"7":69,"8":1,"9":78,"10":56,"11":56,"12":0,"13":56,"14":22,"15":1,"16":18,"17":18,"18":18,"19":0,"20":1,"21":19,"22":19,"23":19,"24":0,"25":1,"26":43,"27":43,"28":0,"29":43,"30":1,"31":1},"f":{"0":1,"1":69,"2":78,"3":18,"4":19,"5":43},"b":{"0":[56,22],"1":[0,56],"2":[0,18],"3":[19,0],"4":[0,43]},"_coverageSchema":"332fd63041d2c1bcb487cc26dd0d5f7d97098a6c","hash":"3f1000644bb67bc901949234af8a0315bbb2a8f6","contentHash":"c33d97357e8a0da1bd7d45f0cb5ff924_11.4.1"},"/Users/Mora/Workspace/node/vscode/dot-template/packages/dot-template-core/src/common/data.ts":{"path":"/Users/Mora/Workspace/node/vscode/dot-template/packages/dot-template-core/src/common/data.ts","statementMap":{"0":{"start":{"line":2,"column":0},"end":{"line":2,"column":62}},"1":{"start":{"line":3,"column":11},"end":{"line":3,"column":26}},"2":{"start":{"line":4,"column":20},"end":{"line":4,"column":44}},"3":{"start":{"line":6,"column":12},"end":{"line":6,"column":22}},"4":{"start":{"line":7,"column":14},"end":{"line":7,"column":59}},"5":{"start":{"line":7,"column":29},"end":{"line":7,"column":57}},"6":{"start":{"line":8,"column":15},"end":{"line":8,"column":82}},"7":{"start":{"line":9,"column":15},"end":{"line":9,"column":64}},"8":{"start":{"line":10,"column":19},"end":{"line":10,"column":36}},"9":{"start":{"line":11,"column":18},"end":{"line":11,"column":53}},"10":{"start":{"line":12,"column":14},"end":{"line":12,"column":16}},"11":{"start":{"line":13,"column":4},"end":{"line":16,"column":17}},"12":{"start":{"line":14,"column":8},"end":{"line":14,"column":59}},"13":{"start":{"line":17,"column":18},"end":{"line":17,"column":40}},"14":{"start":{"line":18,"column":18},"end":{"line":18,"column":40}},"15":{"start":{"line":19,"column":19},"end":{"line":19,"column":51}},"16":{"start":{"line":20,"column":18},"end":{"line":20,"column":40}},"17":{"start":{"line":21,"column":27},"end":{"line":21,"column":59}},"18":{"start":{"line":22,"column":4},"end":{"line":41,"column":6}},"19":{"start":{"line":43,"column":0},"end":{"line":43,"column":20}},"20":{"start":{"line":44,"column":0},"end":{"line":66,"column":2}}},"fnMap":{"0":{"name":"data","decl":{"start":{"line":5,"column":9},"end":{"line":5,"column":13}},"loc":{"start":{"line":5,"column":34},"end":{"line":42,"column":1}},"line":5},"1":{"name":"(anonymous_1)","decl":{"start":{"line":7,"column":14},"end":{"line":7,"column":15}},"loc":{"start":{"line":7,"column":27},"end":{"line":7,"column":59}},"line":7}},"branchMap":{"0":{"loc":{"start":{"line":7,"column":36},"end":{"line":7,"column":56}},"type":"cond-expr","locations":[{"start":{"line":7,"column":45},"end":{"line":7,"column":52}},{"start":{"line":7,"column":55},"end":{"line":7,"column":56}}],"line":7},"1":{"loc":{"start":{"line":26,"column":14},"end":{"line":26,"column":36}},"type":"binary-expr","locations":[{"start":{"line":26,"column":14},"end":{"line":26,"column":30}},{"start":{"line":26,"column":34},"end":{"line":26,"column":36}}],"line":26}},"s":{"0":1,"1":1,"2":1,"3":147,"4":147,"5":735,"6":147,"7":147,"8":147,"9":147,"10":147,"11":147,"12":147,"13":147,"14":147,"15":147,"16":147,"17":147,"18":147,"19":1,"20":1},"f":{"0":147,"1":735},"b":{"0":[294,441],"1":[147,0]},"_coverageSchema":"332fd63041d2c1bcb487cc26dd0d5f7d97098a6c","hash":"8ef793be8bcd366e3c00b2f8a332f3cf1bc27b86","contentHash":"6173724c5bf74b128a5dd39267e61784_11.4.1"},"/Users/Mora/Workspace/node/vscode/dot-template/packages/dot-template-core/src/core/Application.ts":{"path":"/Users/Mora/Workspace/node/vscode/dot-template/packages/dot-template-core/src/core/Application.ts","statementMap":{"0":{"start":{"line":2,"column":0},"end":{"line":2,"column":62}},"1":{"start":{"line":3,"column":14},"end":{"line":3,"column":30}},"2":{"start":{"line":4,"column":13},"end":{"line":4,"column":53}},"3":{"start":{"line":5,"column":9},"end":{"line":5,"column":28}},"4":{"start":{"line":6,"column":11},"end":{"line":6,"column":26}},"5":{"start":{"line":7,"column":16},"end":{"line":7,"column":36}},"6":{"start":{"line":8,"column":18},"end":{"line":8,"column":40}},"7":{"start":{"line":9,"column":15},"end":{"line":9,"column":34}},"8":{"start":{"line":10,"column":9},"end":{"line":10,"column":27}},"9":{"start":{"line":11,"column":15},"end":{"line":11,"column":34}},"10":{"start":{"line":12,"column":33},"end":{"line":240,"column":3}},"11":{"start":{"line":14,"column":20},"end":{"line":14,"column":24}},"12":{"start":{"line":15,"column":8},"end":{"line":15,"column":29}},"13":{"start":{"line":16,"column":8},"end":{"line":16,"column":71}},"14":{"start":{"line":17,"column":8},"end":{"line":22,"column":18}},"15":{"start":{"line":17,"column":56},"end":{"line":22,"column":15}},"16":{"start":{"line":17,"column":118},"end":{"line":22,"column":11}},"17":{"start":{"line":18,"column":12},"end":{"line":21,"column":13}},"18":{"start":{"line":19,"column":24},"end":{"line":19,"column":96}},"19":{"start":{"line":20,"column":24},"end":{"line":20,"column":57}},"20":{"start":{"line":23,"column":8},"end":{"line":44,"column":10}},"21":{"start":{"line":24,"column":12},"end":{"line":24,"column":64}},"22":{"start":{"line":24,"column":42},"end":{"line":24,"column":62}},"23":{"start":{"line":25,"column":12},"end":{"line":43,"column":15}},"24":{"start":{"line":26,"column":28},"end":{"line":26,"column":32}},"25":{"start":{"line":28,"column":16},"end":{"line":42,"column":19}},"26":{"start":{"line":29,"column":20},"end":{"line":41,"column":21}},"27":{"start":{"line":30,"column":32},"end":{"line":30,"column":115}},"28":{"start":{"line":32,"column":28},"end":{"line":32,"column":47}},"29":{"start":{"line":33,"column":28},"end":{"line":39,"column":29}},"30":{"start":{"line":34,"column":32},"end":{"line":34,"column":143}},"31":{"start":{"line":34,"column":69},"end":{"line":34,"column":139}},"32":{"start":{"line":35,"column":32},"end":{"line":38,"column":33}},"33":{"start":{"line":36,"column":36},"end":{"line":36,"column":131}},"34":{"start":{"line":37,"column":36},"end":{"line":37,"column":93}},"35":{"start":{"line":40,"column":28},"end":{"line":40,"column":58}},"36":{"start":{"line":45,"column":8},"end":{"line":53,"column":10}},"37":{"start":{"line":46,"column":12},"end":{"line":46,"column":64}},"38":{"start":{"line":46,"column":42},"end":{"line":46,"column":62}},"39":{"start":{"line":47,"column":12},"end":{"line":52,"column":19}},"40":{"start":{"line":47,"column":74},"end":{"line":52,"column":15}},"41":{"start":{"line":48,"column":16},"end":{"line":51,"column":17}},"42":{"start":{"line":49,"column":28},"end":{"line":49,"column":120}},"43":{"start":{"line":50,"column":28},"end":{"line":50,"column":61}},"44":{"start":{"line":54,"column":8},"end":{"line":68,"column":18}},"45":{"start":{"line":54,"column":40},"end":{"line":68,"column":15}},"46":{"start":{"line":54,"column":110},"end":{"line":68,"column":11}},"47":{"start":{"line":55,"column":12},"end":{"line":67,"column":13}},"48":{"start":{"line":57,"column":20},"end":{"line":57,"column":69}},"49":{"start":{"line":57,"column":45},"end":{"line":57,"column":69}},"50":{"start":{"line":58,"column":20},"end":{"line":58,"column":60}},"51":{"start":{"line":60,"column":20},"end":{"line":60,"column":35}},"52":{"start":{"line":61,"column":20},"end":{"line":61,"column":44}},"53":{"start":{"line":62,"column":24},"end":{"line":62,"column":64}},"54":{"start":{"line":64,"column":20},"end":{"line":64,"column":35}},"55":{"start":{"line":65,"column":20},"end":{"line":65,"column":33}},"56":{"start":{"line":66,"column":24},"end":{"line":66,"column":50}},"57":{"start":{"line":69,"column":8},"end":{"line":69,"column":97}},"58":{"start":{"line":69,"column":49},"end":{"line":69,"column":94}},"59":{"start":{"line":70,"column":8},"end":{"line":70,"column":123}},"60":{"start":{"line":70,"column":62},"end":{"line":70,"column":120}},"61":{"start":{"line":71,"column":8},"end":{"line":71,"column":123}},"62":{"start":{"line":71,"column":62},"end":{"line":71,"column":120}},"63":{"start":{"line":72,"column":8},"end":{"line":72,"column":153}},"64":{"start":{"line":72,"column":77},"end":{"line":72,"column":150}},"65":{"start":{"line":73,"column":8},"end":{"line":73,"column":101}},"66":{"start":{"line":73,"column":51},"end":{"line":73,"column":98}},"67":{"start":{"line":74,"column":8},"end":{"line":74,"column":101}},"68":{"start":{"line":74,"column":51},"end":{"line":74,"column":98}},"69":{"start":{"line":75,"column":8},"end":{"line":75,"column":101}},"70":{"start":{"line":75,"column":51},"end":{"line":75,"column":98}},"71":{"start":{"line":76,"column":8},"end":{"line":76,"column":34}},"72":{"start":{"line":77,"column":8},"end":{"line":77,"column":48}},"73":{"start":{"line":78,"column":8},"end":{"line":78,"column":56}},"74":{"start":{"line":79,"column":8},"end":{"line":79,"column":31}},"75":{"start":{"line":80,"column":8},"end":{"line":80,"column":40}},"76":{"start":{"line":83,"column":23},"end":{"line":83,"column":25}},"77":{"start":{"line":84,"column":18},"end":{"line":127,"column":13}},"78":{"start":{"line":84,"column":32},"end":{"line":127,"column":11}},"79":{"start":{"line":86,"column":12},"end":{"line":126,"column":15}},"80":{"start":{"line":87,"column":16},"end":{"line":125,"column":17}},"81":{"start":{"line":89,"column":24},"end":{"line":89,"column":35}},"82":{"start":{"line":90,"column":24},"end":{"line":90,"column":37}},"83":{"start":{"line":91,"column":24},"end":{"line":102,"column":27}},"84":{"start":{"line":93,"column":28},"end":{"line":101,"column":29}},"85":{"start":{"line":94,"column":44},"end":{"line":94,"column":58}},"86":{"start":{"line":95,"column":32},"end":{"line":100,"column":33}},"87":{"start":{"line":96,"column":36},"end":{"line":96,"column":50}},"88":{"start":{"line":98,"column":37},"end":{"line":100,"column":33}},"89":{"start":{"line":99,"column":36},"end":{"line":99,"column":52}},"90":{"start":{"line":103,"column":24},"end":{"line":103,"column":44}},"91":{"start":{"line":105,"column":24},"end":{"line":105,"column":42}},"92":{"start":{"line":106,"column":24},"end":{"line":108,"column":48}},"93":{"start":{"line":108,"column":24},"end":{"line":108,"column":48}},"94":{"start":{"line":109,"column":24},"end":{"line":109,"column":91}},"95":{"start":{"line":111,"column":24},"end":{"line":111,"column":41}},"96":{"start":{"line":112,"column":24},"end":{"line":112,"column":37}},"97":{"start":{"line":115,"column":24},"end":{"line":115,"column":27}},"98":{"start":{"line":116,"column":24},"end":{"line":116,"column":44}},"99":{"start":{"line":117,"column":24},"end":{"line":117,"column":57}},"100":{"start":{"line":117,"column":33},"end":{"line":117,"column":57}},"101":{"start":{"line":118,"column":24},"end":{"line":118,"column":84}},"102":{"start":{"line":120,"column":24},"end":{"line":120,"column":41}},"103":{"start":{"line":121,"column":24},"end":{"line":121,"column":37}},"104":{"start":{"line":123,"column":24},"end":{"line":123,"column":27}},"105":{"start":{"line":124,"column":24},"end":{"line":124,"column":46}},"106":{"start":{"line":128,"column":24},"end":{"line":128,"column":29}},"107":{"start":{"line":129,"column":29},"end":{"line":129,"column":116}},"108":{"start":{"line":130,"column":29},"end":{"line":130,"column":208}},"109":{"start":{"line":130,"column":150},"end":{"line":130,"column":205}},"110":{"start":{"line":131,"column":8},"end":{"line":168,"column":11}},"111":{"start":{"line":133,"column":12},"end":{"line":134,"column":23}},"112":{"start":{"line":134,"column":16},"end":{"line":134,"column":23}},"113":{"start":{"line":135,"column":31},"end":{"line":135,"column":70}},"114":{"start":{"line":136,"column":12},"end":{"line":138,"column":13}},"115":{"start":{"line":136,"column":96},"end":{"line":136,"column":131}},"116":{"start":{"line":137,"column":16},"end":{"line":137,"column":23}},"117":{"start":{"line":139,"column":12},"end":{"line":140,"column":34}},"118":{"start":{"line":140,"column":16},"end":{"line":140,"column":34}},"119":{"start":{"line":141,"column":12},"end":{"line":144,"column":13}},"120":{"start":{"line":142,"column":16},"end":{"line":142,"column":40}},"121":{"start":{"line":143,"column":16},"end":{"line":143,"column":53}},"122":{"start":{"line":145,"column":12},"end":{"line":167,"column":24}},"123":{"start":{"line":145,"column":43},"end":{"line":167,"column":15}},"124":{"start":{"line":147,"column":16},"end":{"line":166,"column":19}},"125":{"start":{"line":148,"column":20},"end":{"line":165,"column":21}},"126":{"start":{"line":150,"column":28},"end":{"line":150,"column":45}},"127":{"start":{"line":151,"column":28},"end":{"line":151,"column":41}},"128":{"start":{"line":153,"column":28},"end":{"line":153,"column":54}},"129":{"start":{"line":154,"column":28},"end":{"line":154,"column":56}},"130":{"start":{"line":156,"column":28},"end":{"line":156,"column":38}},"131":{"start":{"line":157,"column":28},"end":{"line":157,"column":46}},"132":{"start":{"line":158,"column":28},"end":{"line":158,"column":52}},"133":{"start":{"line":160,"column":28},"end":{"line":160,"column":44}},"134":{"start":{"line":161,"column":28},"end":{"line":161,"column":46}},"135":{"start":{"line":162,"column":28},"end":{"line":162,"column":57}},"136":{"start":{"line":163,"column":28},"end":{"line":163,"column":52}},"137":{"start":{"line":164,"column":32},"end":{"line":164,"column":54}},"138":{"start":{"line":169,"column":8},"end":{"line":169,"column":60}},"139":{"start":{"line":170,"column":8},"end":{"line":170,"column":46}},"140":{"start":{"line":172,"column":4},"end":{"line":182,"column":6}},"141":{"start":{"line":173,"column":8},"end":{"line":173,"column":43}},"142":{"start":{"line":173,"column":31},"end":{"line":173,"column":41}},"143":{"start":{"line":175,"column":8},"end":{"line":180,"column":9}},"144":{"start":{"line":176,"column":12},"end":{"line":176,"column":45}},"145":{"start":{"line":179,"column":12},"end":{"line":179,"column":105}},"146":{"start":{"line":181,"column":8},"end":{"line":181,"column":22}},"147":{"start":{"line":183,"column":4},"end":{"line":185,"column":6}},"148":{"start":{"line":184,"column":8},"end":{"line":184,"column":45}},"149":{"start":{"line":189,"column":4},"end":{"line":209,"column":6}},"150":{"start":{"line":190,"column":20},"end":{"line":190,"column":24}},"151":{"start":{"line":191,"column":20},"end":{"line":191,"column":22}},"152":{"start":{"line":192,"column":8},"end":{"line":194,"column":9}},"153":{"start":{"line":193,"column":12},"end":{"line":193,"column":42}},"154":{"start":{"line":195,"column":21},"end":{"line":195,"column":32}},"155":{"start":{"line":196,"column":8},"end":{"line":207,"column":9}},"156":{"start":{"line":197,"column":12},"end":{"line":206,"column":15}},"157":{"start":{"line":198,"column":27},"end":{"line":198,"column":40}},"158":{"start":{"line":199,"column":16},"end":{"line":200,"column":29}},"159":{"start":{"line":200,"column":20},"end":{"line":200,"column":29}},"160":{"start":{"line":201,"column":16},"end":{"line":202,"column":60}},"161":{"start":{"line":202,"column":20},"end":{"line":202,"column":60}},"162":{"start":{"line":203,"column":16},"end":{"line":204,"column":92}},"163":{"start":{"line":204,"column":20},"end":{"line":204,"column":92}},"164":{"start":{"line":205,"column":16},"end":{"line":205,"column":28}},"165":{"start":{"line":208,"column":8},"end":{"line":208,"column":23}},"166":{"start":{"line":210,"column":4},"end":{"line":216,"column":6}},"167":{"start":{"line":211,"column":20},"end":{"line":211,"column":22}},"168":{"start":{"line":212,"column":8},"end":{"line":214,"column":9}},"169":{"start":{"line":213,"column":12},"end":{"line":213,"column":42}},"170":{"start":{"line":215,"column":8},"end":{"line":215,"column":76}},"171":{"start":{"line":217,"column":4},"end":{"line":223,"column":6}},"172":{"start":{"line":218,"column":20},"end":{"line":218,"column":22}},"173":{"start":{"line":219,"column":8},"end":{"line":221,"column":9}},"174":{"start":{"line":220,"column":12},"end":{"line":220,"column":42}},"175":{"start":{"line":222,"column":8},"end":{"line":222,"column":75}},"176":{"start":{"line":224,"column":4},"end":{"line":230,"column":6}},"177":{"start":{"line":225,"column":20},"end":{"line":225,"column":22}},"178":{"start":{"line":226,"column":8},"end":{"line":228,"column":9}},"179":{"start":{"line":227,"column":12},"end":{"line":227,"column":42}},"180":{"start":{"line":229,"column":8},"end":{"line":229,"column":78}},"181":{"start":{"line":231,"column":4},"end":{"line":233,"column":6}},"182":{"start":{"line":232,"column":8},"end":{"line":232,"column":38}},"183":{"start":{"line":239,"column":4},"end":{"line":239,"column":23}},"184":{"start":{"line":241,"column":0},"end":{"line":241,"column":34}}},"fnMap":{"0":{"name":"(anonymous_0)","decl":{"start":{"line":12,"column":33},"end":{"line":12,"column":34}},"loc":{"start":{"line":12,"column":45},"end":{"line":240,"column":1}},"line":12},"1":{"name":"Application","decl":{"start":{"line":13,"column":13},"end":{"line":13,"column":24}},"loc":{"start":{"line":13,"column":33},"end":{"line":171,"column":5}},"line":13},"2":{"name":"(anonymous_2)","decl":{"start":{"line":17,"column":34},"end":{"line":17,"column":35}},"loc":{"start":{"line":17,"column":54},"end":{"line":22,"column":17}},"line":17},"3":{"name":"(anonymous_3)","decl":{"start":{"line":17,"column":104},"end":{"line":17,"column":105}},"loc":{"start":{"line":17,"column":116},"end":{"line":22,"column":13}},"line":17},"4":{"name":"(anonymous_4)","decl":{"start":{"line":17,"column":151},"end":{"line":17,"column":152}},"loc":{"start":{"line":17,"column":165},"end":{"line":22,"column":9}},"line":17},"5":{"name":"(anonymous_5)","decl":{"start":{"line":23,"column":33},"end":{"line":23,"column":34}},"loc":{"start":{"line":23,"column":65},"end":{"line":44,"column":9}},"line":23},"6":{"name":"(anonymous_6)","decl":{"start":{"line":25,"column":60},"end":{"line":25,"column":61}},"loc":{"start":{"line":25,"column":72},"end":{"line":43,"column":13}},"line":25},"7":{"name":"(anonymous_7)","decl":{"start":{"line":28,"column":49},"end":{"line":28,"column":50}},"loc":{"start":{"line":28,"column":63},"end":{"line":42,"column":17}},"line":28},"8":{"name":"(anonymous_8)","decl":{"start":{"line":34,"column":54},"end":{"line":34,"column":55}},"loc":{"start":{"line":34,"column":67},"end":{"line":34,"column":141}},"line":34},"9":{"name":"(anonymous_9)","decl":{"start":{"line":45,"column":35},"end":{"line":45,"column":36}},"loc":{"start":{"line":45,"column":74},"end":{"line":53,"column":9}},"line":45},"10":{"name":"(anonymous_10)","decl":{"start":{"line":47,"column":60},"end":{"line":47,"column":61}},"loc":{"start":{"line":47,"column":72},"end":{"line":52,"column":17}},"line":47},"11":{"name":"(anonymous_11)","decl":{"start":{"line":47,"column":107},"end":{"line":47,"column":108}},"loc":{"start":{"line":47,"column":121},"end":{"line":52,"column":13}},"line":47},"12":{"name":"(anonymous_12)","decl":{"start":{"line":54,"column":26},"end":{"line":54,"column":27}},"loc":{"start":{"line":54,"column":38},"end":{"line":68,"column":17}},"line":54},"13":{"name":"(anonymous_13)","decl":{"start":{"line":54,"column":88},"end":{"line":54,"column":89}},"loc":{"start":{"line":54,"column":100},"end":{"line":68,"column":13}},"line":54},"14":{"name":"(anonymous_14)","decl":{"start":{"line":54,"column":143},"end":{"line":54,"column":144}},"loc":{"start":{"line":54,"column":157},"end":{"line":68,"column":9}},"line":54},"15":{"name":"(anonymous_15)","decl":{"start":{"line":69,"column":27},"end":{"line":69,"column":28}},"loc":{"start":{"line":69,"column":47},"end":{"line":69,"column":96}},"line":69},"16":{"name":"(anonymous_16)","decl":{"start":{"line":70,"column":31},"end":{"line":70,"column":32}},"loc":{"start":{"line":70,"column":60},"end":{"line":70,"column":122}},"line":70},"17":{"name":"(anonymous_17)","decl":{"start":{"line":71,"column":31},"end":{"line":71,"column":32}},"loc":{"start":{"line":71,"column":60},"end":{"line":71,"column":122}},"line":71},"18":{"name":"(anonymous_18)","decl":{"start":{"line":72,"column":31},"end":{"line":72,"column":32}},"loc":{"start":{"line":72,"column":75},"end":{"line":72,"column":152}},"line":72},"19":{"name":"(anonymous_19)","decl":{"start":{"line":73,"column":29},"end":{"line":73,"column":30}},"loc":{"start":{"line":73,"column":49},"end":{"line":73,"column":100}},"line":73},"20":{"name":"(anonymous_20)","decl":{"start":{"line":74,"column":29},"end":{"line":74,"column":30}},"loc":{"start":{"line":74,"column":49},"end":{"line":74,"column":100}},"line":74},"21":{"name":"(anonymous_21)","decl":{"start":{"line":75,"column":29},"end":{"line":75,"column":30}},"loc":{"start":{"line":75,"column":49},"end":{"line":75,"column":100}},"line":75},"22":{"name":"(anonymous_22)","decl":{"start":{"line":84,"column":18},"end":{"line":84,"column":19}},"loc":{"start":{"line":84,"column":30},"end":{"line":127,"column":13}},"line":84},"23":{"name":"(anonymous_23)","decl":{"start":{"line":84,"column":80},"end":{"line":84,"column":81}},"loc":{"start":{"line":84,"column":92},"end":{"line":127,"column":9}},"line":84},"24":{"name":"(anonymous_24)","decl":{"start":{"line":86,"column":45},"end":{"line":86,"column":46}},"loc":{"start":{"line":86,"column":59},"end":{"line":126,"column":13}},"line":86},"25":{"name":"(anonymous_25)","decl":{"start":{"line":91,"column":41},"end":{"line":91,"column":42}},"loc":{"start":{"line":91,"column":57},"end":{"line":102,"column":25}},"line":91},"26":{"name":"(anonymous_26)","decl":{"start":{"line":130,"column":129},"end":{"line":130,"column":130}},"loc":{"start":{"line":130,"column":148},"end":{"line":130,"column":207}},"line":130},"27":{"name":"(anonymous_27)","decl":{"start":{"line":131,"column":33},"end":{"line":131,"column":34}},"loc":{"start":{"line":131,"column":53},"end":{"line":168,"column":9}},"line":131},"28":{"name":"(anonymous_28)","decl":{"start":{"line":136,"column":75},"end":{"line":136,"column":76}},"loc":{"start":{"line":136,"column":94},"end":{"line":136,"column":133}},"line":136},"29":{"name":"(anonymous_29)","decl":{"start":{"line":145,"column":29},"end":{"line":145,"column":30}},"loc":{"start":{"line":145,"column":41},"end":{"line":167,"column":17}},"line":145},"30":{"name":"(anonymous_30)","decl":{"start":{"line":145,"column":91},"end":{"line":145,"column":92}},"loc":{"start":{"line":145,"column":103},"end":{"line":167,"column":13}},"line":145},"31":{"name":"(anonymous_31)","decl":{"start":{"line":147,"column":49},"end":{"line":147,"column":50}},"loc":{"start":{"line":147,"column":63},"end":{"line":166,"column":17}},"line":147},"32":{"name":"(anonymous_32)","decl":{"start":{"line":172,"column":44},"end":{"line":172,"column":45}},"loc":{"start":{"line":172,"column":79},"end":{"line":182,"column":5}},"line":172},"33":{"name":"(anonymous_33)","decl":{"start":{"line":183,"column":41},"end":{"line":183,"column":42}},"loc":{"start":{"line":183,"column":61},"end":{"line":185,"column":5}},"line":183},"34":{"name":"(anonymous_34)","decl":{"start":{"line":189,"column":35},"end":{"line":189,"column":36}},"loc":{"start":{"line":189,"column":54},"end":{"line":209,"column":5}},"line":189},"35":{"name":"(anonymous_35)","decl":{"start":{"line":197,"column":45},"end":{"line":197,"column":46}},"loc":{"start":{"line":197,"column":58},"end":{"line":206,"column":13}},"line":197},"36":{"name":"(anonymous_36)","decl":{"start":{"line":210,"column":34},"end":{"line":210,"column":35}},"loc":{"start":{"line":210,"column":53},"end":{"line":216,"column":5}},"line":210},"37":{"name":"(anonymous_37)","decl":{"start":{"line":217,"column":33},"end":{"line":217,"column":34}},"loc":{"start":{"line":217,"column":52},"end":{"line":223,"column":5}},"line":217},"38":{"name":"(anonymous_38)","decl":{"start":{"line":224,"column":36},"end":{"line":224,"column":37}},"loc":{"start":{"line":224,"column":55},"end":{"line":230,"column":5}},"line":224},"39":{"name":"(anonymous_39)","decl":{"start":{"line":231,"column":34},"end":{"line":231,"column":35}},"loc":{"start":{"line":231,"column":56},"end":{"line":233,"column":5}},"line":231}},"branchMap":{"0":{"loc":{"start":{"line":18,"column":12},"end":{"line":21,"column":13}},"type":"switch","locations":[{"start":{"line":19,"column":16},"end":{"line":19,"column":96}},{"start":{"line":20,"column":16},"end":{"line":20,"column":57}}],"line":18},"1":{"loc":{"start":{"line":24,"column":12},"end":{"line":24,"column":64}},"type":"if","locations":[{"start":{"line":24,"column":12},"end":{"line":24,"column":64}},{"start":{"line":24,"column":12},"end":{"line":24,"column":64}}],"line":24},"2":{"loc":{"start":{"line":29,"column":20},"end":{"line":41,"column":21}},"type":"switch","locations":[{"start":{"line":30,"column":24},"end":{"line":30,"column":115}},{"start":{"line":31,"column":24},"end":{"line":40,"column":58}}],"line":29},"3":{"loc":{"start":{"line":33,"column":28},"end":{"line":39,"column":29}},"type":"if","locations":[{"start":{"line":33,"column":28},"end":{"line":39,"column":29}},{"start":{"line":33,"column":28},"end":{"line":39,"column":29}}],"line":33},"4":{"loc":{"start":{"line":35,"column":32},"end":{"line":38,"column":33}},"type":"if","locations":[{"start":{"line":35,"column":32},"end":{"line":38,"column":33}},{"start":{"line":35,"column":32},"end":{"line":38,"column":33}}],"line":35},"5":{"loc":{"start":{"line":36,"column":42},"end":{"line":36,"column":130}},"type":"cond-expr","locations":[{"start":{"line":36,"column":100},"end":{"line":36,"column":102}},{"start":{"line":36,"column":105},"end":{"line":36,"column":130}}],"line":36},"6":{"loc":{"start":{"line":46,"column":12},"end":{"line":46,"column":64}},"type":"if","locations":[{"start":{"line":46,"column":12},"end":{"line":46,"column":64}},{"start":{"line":46,"column":12},"end":{"line":46,"column":64}}],"line":46},"7":{"loc":{"start":{"line":48,"column":16},"end":{"line":51,"column":17}},"type":"switch","locations":[{"start":{"line":49,"column":20},"end":{"line":49,"column":120}},{"start":{"line":50,"column":20},"end":{"line":50,"column":61}}],"line":48},"8":{"loc":{"start":{"line":55,"column":12},"end":{"line":67,"column":13}},"type":"switch","locations":[{"start":{"line":56,"column":16},"end":{"line":58,"column":60}},{"start":{"line":59,"column":16},"end":{"line":61,"column":44}},{"start":{"line":62,"column":16},"end":{"line":62,"column":64}},{"start":{"line":63,"column":16},"end":{"line":65,"column":33}},{"start":{"line":66,"column":16},"end":{"line":66,"column":50}}],"line":55},"9":{"loc":{"start":{"line":57,"column":20},"end":{"line":57,"column":69}},"type":"if","locations":[{"start":{"line":57,"column":20},"end":{"line":57,"column":69}},{"start":{"line":57,"column":20},"end":{"line":57,"column":69}}],"line":57},"10":{"loc":{"start":{"line":87,"column":16},"end":{"line":125,"column":17}},"type":"switch","locations":[{"start":{"line":88,"column":20},"end":{"line":109,"column":91}},{"start":{"line":110,"column":20},"end":{"line":112,"column":37}},{"start":{"line":113,"column":20},"end":{"line":118,"column":84}},{"start":{"line":119,"column":20},"end":{"line":121,"column":37}},{"start":{"line":122,"column":20},"end":{"line":124,"column":46}}],"line":87},"11":{"loc":{"start":{"line":93,"column":28},"end":{"line":101,"column":29}},"type":"if","locations":[{"start":{"line":93,"column":28},"end":{"line":101,"column":29}},{"start":{"line":93,"column":28},"end":{"line":101,"column":29}}],"line":93},"12":{"loc":{"start":{"line":95,"column":32},"end":{"line":100,"column":33}},"type":"if","locations":[{"start":{"line":95,"column":32},"end":{"line":100,"column":33}},{"start":{"line":95,"column":32},"end":{"line":100,"column":33}}],"line":95},"13":{"loc":{"start":{"line":98,"column":37},"end":{"line":100,"column":33}},"type":"if","locations":[{"start":{"line":98,"column":37},"end":{"line":100,"column":33}},{"start":{"line":98,"column":37},"end":{"line":100,"column":33}}],"line":98},"14":{"loc":{"start":{"line":106,"column":24},"end":{"line":108,"column":48}},"type":"if","locations":[{"start":{"line":106,"column":24},"end":{"line":108,"column":48}},{"start":{"line":106,"column":24},"end":{"line":108,"column":48}}],"line":106},"15":{"loc":{"start":{"line":117,"column":24},"end":{"line":117,"column":57}},"type":"if","locations":[{"start":{"line":117,"column":24},"end":{"line":117,"column":57}},{"start":{"line":117,"column":24},"end":{"line":117,"column":57}}],"line":117},"16":{"loc":{"start":{"line":133,"column":12},"end":{"line":134,"column":23}},"type":"if","locations":[{"start":{"line":133,"column":12},"end":{"line":134,"column":23}},{"start":{"line":133,"column":12},"end":{"line":134,"column":23}}],"line":133},"17":{"loc":{"start":{"line":133,"column":16},"end":{"line":133,"column":68}},"type":"binary-expr","locations":[{"start":{"line":133,"column":16},"end":{"line":133,"column":25}},{"start":{"line":133,"column":29},"end":{"line":133,"column":68}}],"line":133},"18":{"loc":{"start":{"line":136,"column":12},"end":{"line":138,"column":13}},"type":"if","locations":[{"start":{"line":136,"column":12},"end":{"line":138,"column":13}},{"start":{"line":136,"column":12},"end":{"line":138,"column":13}}],"line":136},"19":{"loc":{"start":{"line":136,"column":16},"end":{"line":136,"column":134}},"type":"binary-expr","locations":[{"start":{"line":136,"column":16},"end":{"line":136,"column":51}},{"start":{"line":136,"column":55},"end":{"line":136,"column":134}}],"line":136},"20":{"loc":{"start":{"line":139,"column":12},"end":{"line":140,"column":34}},"type":"if","locations":[{"start":{"line":139,"column":12},"end":{"line":140,"column":34}},{"start":{"line":139,"column":12},"end":{"line":140,"column":34}}],"line":139},"21":{"loc":{"start":{"line":141,"column":12},"end":{"line":144,"column":13}},"type":"if","locations":[{"start":{"line":141,"column":12},"end":{"line":144,"column":13}},{"start":{"line":141,"column":12},"end":{"line":144,"column":13}}],"line":141},"22":{"loc":{"start":{"line":148,"column":20},"end":{"line":165,"column":21}},"type":"switch","locations":[{"start":{"line":149,"column":24},"end":{"line":151,"column":41}},{"start":{"line":152,"column":24},"end":{"line":154,"column":56}},{"start":{"line":155,"column":24},"end":{"line":158,"column":52}},{"start":{"line":159,"column":24},"end":{"line":163,"column":52}},{"start":{"line":164,"column":24},"end":{"line":164,"column":54}}],"line":148},"23":{"loc":{"start":{"line":173,"column":8},"end":{"line":173,"column":43}},"type":"if","locations":[{"start":{"line":173,"column":8},"end":{"line":173,"column":43}},{"start":{"line":173,"column":8},"end":{"line":173,"column":43}}],"l
[...]
0},"end":{"line":160,"column":72}}],"line":130},"17":{"loc":{"start":{"line":134,"column":44},"end":{"line":134,"column":94}},"type":"if","locations":[{"start":{"line":134,"column":44},"end":{"line":134,"column":94}},{"start":{"line":134,"column":44},"end":{"line":134,"column":94}}],"line":134},"18":{"loc":{"start":{"line":136,"column":44},"end":{"line":136,"column":86}},"type":"if","locations":[{"start":{"line":136,"column":44},"end":{"line":136,"column":86}},{"start":{"line":136,"column":44},"end":{"line":136,"column":86}}],"line":136},"19":{"loc":{"start":{"line":147,"column":44},"end":{"line":147,"column":86}},"type":"if","locations":[{"start":{"line":147,"column":44},"end":{"line":147,"column":86}},{"start":{"line":147,"column":44},"end":{"line":147,"column":86}}],"line":147},"20":{"loc":{"start":{"line":153,"column":44},"end":{"line":153,"column":129}},"type":"if","locations":[{"start":{"line":153,"column":44},"end":{"line":153,"column":129}},{"start":{"line":153,"column":44},"end":{"line":153,"column":129}}],"line":153},"21":{"loc":{"start":{"line":153,"column":50},"end":{"line":153,"column":102}},"type":"binary-expr","locations":[{"start":{"line":153,"column":50},"end":{"line":153,"column":61}},{"start":{"line":153,"column":65},"end":{"line":153,"column":76}},{"start":{"line":153,"column":80},"end":{"line":153,"column":102}}],"line":153}},"s":{"0":1,"1":1,"2":1,"3":1,"4":1,"5":1,"6":1,"7":39,"8":39,"9":39,"10":39,"11":39,"12":4,"13":4,"14":4,"15":39,"16":1,"17":39,"18":39,"19":39,"20":78,"21":39,"22":39,"23":39,"24":41,"25":41,"26":227,"27":41,"28":41,"29":41,"30":41,"31":41,"32":41,"33":41,"34":16,"35":25,"36":25,"37":25,"38":25,"39":41,"40":41,"41":22,"42":19,"43":19,"44":19,"45":22,"46":22,"47":22,"48":41,"49":41,"50":41,"51":41,"52":40,"53":1,"54":1,"55":1,"56":41,"57":41,"58":39,"59":39,"60":41,"61":1,"62":11,"63":11,"64":11,"65":32,"66":11,"67":11,"68":11,"69":11,"70":11,"71":11,"72":5,"73":2,"74":11,"75":11,"76":9,"77":2,"78":2,"79":2,"80":2,"81":11,"82":1,"83":10,"84":10,"85":10,"86":47,"87":10,"88":10,"89":10,"90":3,"91":7,"92":7,"93":3,"94":4,"95":4,"96":4,"97":3,"98":3,"99":3,"100":7,"101":3,"102":1,"103":2,"104":2,"105":2,"106":10,"107":9,"108":1,"109":1,"110":1,"111":10,"112":10,"113":10,"114":10,"115":10,"116":1,"117":1},"f":{"0":1,"1":39,"2":39,"3":39,"4":78,"5":41,"6":41,"7":227,"8":41,"9":11,"10":11,"11":32,"12":11,"13":10,"14":10,"15":47,"16":10},"b":{"0":[39,39],"1":[4,35],"2":[4,0],"3":[39,39],"4":[41,25,41,22,22,41,41,1,41],"5":[25,16],"6":[16,25],"7":[22,19],"8":[40,1],"9":[41,1],"10":[11,2,11,10],"11":[5,6],"12":[11,7],"13":[2,3],"14":[9,2],"15":[1,10],"16":[10,4,3,3,7,3,2,10,1,10],"17":[3,7],"18":[3,4],"19":[1,2],"20":[9,1],"21":[10,6,1]},"_coverageSchema":"332fd63041d2c1bcb487cc26dd0d5f7d97098a6c","hash":"b159f89370924ee20a9d0a37fa3d5dacb051ba01","contentHash":"b4f3eb48a8952944670c72cb31e6a0f8_11.4.1"},"/Users/Mora/Workspace/node/vscode/dot-template/packages/dot-template-core/src/core/Render.ts":{"path":"/Users/Mora/Workspace/node/vscode/dot-template/packages/dot-template-core/src/core/Render.ts","statementMap":{"0":{"start":{"line":2,"column":0},"end":{"line":2,"column":62}},"1":{"start":{"line":3,"column":14},"end":{"line":3,"column":55}},"2":{"start":{"line":4,"column":9},"end":{"line":4,"column":28}},"3":{"start":{"line":5,"column":25},"end":{"line":5,"column":73}},"4":{"start":{"line":7,"column":0},"end":{"line":11,"column":53}},"5":{"start":{"line":8,"column":4},"end":{"line":8,"column":40}},"6":{"start":{"line":9,"column":4},"end":{"line":9,"column":38}},"7":{"start":{"line":10,"column":4},"end":{"line":10,"column":38}},"8":{"start":{"line":12,"column":28},"end":{"line":74,"column":3}},"9":{"start":{"line":14,"column":8},"end":{"line":14,"column":23}},"10":{"start":{"line":16,"column":4},"end":{"line":25,"column":6}},"11":{"start":{"line":17,"column":17},"end":{"line":17,"column":65}},"12":{"start":{"line":18,"column":8},"end":{"line":23,"column":30}},"13":{"start":{"line":19,"column":12},"end":{"line":19,"column":31}},"14":{"start":{"line":20,"column":13},"end":{"line":23,"column":30}},"15":{"start":{"line":21,"column":12},"end":{"line":21,"column":30}},"16":{"start":{"line":22,"column":13},"end":{"line":23,"column":30}},"17":{"start":{"line":23,"column":12},"end":{"line":23,"column":30}},"18":{"start":{"line":24,"column":8},"end":{"line":24,"column":20}},"19":{"start":{"line":26,"column":4},"end":{"line":39,"column":6}},"20":{"start":{"line":27,"column":18},"end":{"line":27,"column":19}},"21":{"start":{"line":28,"column":17},"end":{"line":28,"column":65}},"22":{"start":{"line":29,"column":8},"end":{"line":37,"column":9}},"23":{"start":{"line":30,"column":12},"end":{"line":30,"column":32}},"24":{"start":{"line":32,"column":13},"end":{"line":37,"column":9}},"25":{"start":{"line":33,"column":12},"end":{"line":33,"column":33}},"26":{"start":{"line":35,"column":13},"end":{"line":37,"column":9}},"27":{"start":{"line":36,"column":12},"end":{"line":36,"column":32}},"28":{"start":{"line":38,"column":8},"end":{"line":38,"column":49}},"29":{"start":{"line":40,"column":4},"end":{"line":46,"column":6}},"30":{"start":{"line":41,"column":21},"end":{"line":41,"column":58}},"31":{"start":{"line":42,"column":22},"end":{"line":42,"column":54}},"32":{"start":{"line":43,"column":8},"end":{"line":44,"column":27}},"33":{"start":{"line":44,"column":12},"end":{"line":44,"column":27}},"34":{"start":{"line":45,"column":8},"end":{"line":45,"column":57}},"35":{"start":{"line":47,"column":4},"end":{"line":56,"column":6}},"36":{"start":{"line":48,"column":8},"end":{"line":55,"column":27}},"37":{"start":{"line":49,"column":12},"end":{"line":49,"column":57}},"38":{"start":{"line":50,"column":13},"end":{"line":55,"column":27}},"39":{"start":{"line":51,"column":12},"end":{"line":51,"column":56}},"40":{"start":{"line":52,"column":13},"end":{"line":55,"column":27}},"41":{"start":{"line":53,"column":12},"end":{"line":53,"column":56}},"42":{"start":{"line":55,"column":12},"end":{"line":55,"column":27}},"43":{"start":{"line":57,"column":4},"end":{"line":66,"column":6}},"44":{"start":{"line":58,"column":8},"end":{"line":65,"column":11}},"45":{"start":{"line":59,"column":22},"end":{"line":59,"column":34}},"46":{"start":{"line":60,"column":12},"end":{"line":61,"column":33}},"47":{"start":{"line":61,"column":16},"end":{"line":61,"column":33}},"48":{"start":{"line":62,"column":12},"end":{"line":63,"column":46}},"49":{"start":{"line":63,"column":16},"end":{"line":63,"column":46}},"50":{"start":{"line":64,"column":12},"end":{"line":64,"column":23}},"51":{"start":{"line":67,"column":4},"end":{"line":69,"column":6}},"52":{"start":{"line":68,"column":8},"end":{"line":68,"column":57}},"53":{"start":{"line":70,"column":4},"end":{"line":72,"column":6}},"54":{"start":{"line":71,"column":8},"end":{"line":71,"column":63}},"55":{"start":{"line":73,"column":4},"end":{"line":73,"column":18}},"56":{"start":{"line":75,"column":0},"end":{"line":75,"column":24}}},"fnMap":{"0":{"name":"(anonymous_0)","decl":{"start":{"line":7,"column":1},"end":{"line":7,"column":2}},"loc":{"start":{"line":7,"column":19},"end":{"line":11,"column":1}},"line":7},"1":{"name":"(anonymous_1)","decl":{"start":{"line":12,"column":28},"end":{"line":12,"column":29}},"loc":{"start":{"line":12,"column":40},"end":{"line":74,"column":1}},"line":12},"2":{"name":"Render","decl":{"start":{"line":13,"column":13},"end":{"line":13,"column":19}},"loc":{"start":{"line":13,"column":25},"end":{"line":15,"column":5}},"line":13},"3":{"name":"(anonymous_3)","decl":{"start":{"line":16,"column":50},"end":{"line":16,"column":51}},"loc":{"start":{"line":16,"column":66},"end":{"line":25,"column":5}},"line":16},"4":{"name":"(anonymous_4)","decl":{"start":{"line":26,"column":49},"end":{"line":26,"column":50}},"loc":{"start":{"line":26,"column":65},"end":{"line":39,"column":5}},"line":26},"5":{"name":"(anonymous_5)","decl":{"start":{"line":40,"column":34},"end":{"line":40,"column":35}},"loc":{"start":{"line":40,"column":56},"end":{"line":46,"column":5}},"line":40},"6":{"name":"(anonymous_6)","decl":{"start":{"line":47,"column":37},"end":{"line":47,"column":38}},"loc":{"start":{"line":47,"column":70},"end":{"line":56,"column":5}},"line":47},"7":{"name":"(anonymous_7)","decl":{"start":{"line":57,"column":41},"end":{"line":57,"column":42}},"loc":{"start":{"line":57,"column":66},"end":{"line":66,"column":5}},"line":57},"8":{"name":"(anonymous_8)","decl":{"start":{"line":58,"column":51},"end":{"line":58,"column":52}},"loc":{"start":{"line":58,"column":78},"end":{"line":65,"column":9}},"line":58},"9":{"name":"(anonymous_9)","decl":{"start":{"line":67,"column":40},"end":{"line":67,"column":41}},"loc":{"start":{"line":67,"column":65},"end":{"line":69,"column":5}},"line":67},"10":{"name":"(anonymous_10)","decl":{"start":{"line":70,"column":40},"end":{"line":70,"column":41}},"loc":{"start":{"line":70,"column":65},"end":{"line":72,"column":5}},"line":70}},"branchMap":{"0":{"loc":{"start":{"line":11,"column":12},"end":{"line":11,"column":51}},"type":"binary-expr","locations":[{"start":{"line":11,"column":12},"end":{"line":11,"column":26}},{"start":{"line":11,"column":31},"end":{"line":11,"column":50}}],"line":11},"1":{"loc":{"start":{"line":18,"column":8},"end":{"line":23,"column":30}},"type":"if","locations":[{"start":{"line":18,"column":8},"end":{"line":23,"column":30}},{"start":{"line":18,"column":8},"end":{"line":23,"column":30}}],"line":18},"2":{"loc":{"start":{"line":20,"column":13},"end":{"line":23,"column":30}},"type":"if","locations":[{"start":{"line":20,"column":13},"end":{"line":23,"column":30}},{"start":{"line":20,"column":13},"end":{"line":23,"column":30}}],"line":20},"3":{"loc":{"start":{"line":22,"column":13},"end":{"line":23,"column":30}},"type":"if","locations":[{"start":{"line":22,"column":13},"end":{"line":23,"column":30}},{"start":{"line":22,"column":13},"end":{"line":23,"column":30}}],"line":22},"4":{"loc":{"start":{"line":29,"column":8},"end":{"line":37,"column":9}},"type":"if","locations":[{"start":{"line":29,"column":8},"end":{"line":37,"column":9}},{"start":{"line":29,"column":8},"end":{"line":37,"column":9}}],"line":29},"5":{"loc":{"start":{"line":32,"column":13},"end":{"line":37,"column":9}},"type":"if","locations":[{"start":{"line":32,"column":13},"end":{"line":37,"column":9}},{"start":{"line":32,"column":13},"end":{"line":37,"column":9}}],"line":32},"6":{"loc":{"start":{"line":35,"column":13},"end":{"line":37,"column":9}},"type":"if","locations":[{"start":{"line":35,"column":13},"end":{"line":37,"column":9}},{"start":{"line":35,"column":13},"end":{"line":37,"column":9}}],"line":35},"7":{"loc":{"start":{"line":43,"column":8},"end":{"line":44,"column":27}},"type":"if","locations":[{"start":{"line":43,"column":8},"end":{"line":44,"column":27}},{"start":{"line":43,"column":8},"end":{"line":44,"column":27}}],"line":43},"8":{"loc":{"start":{"line":48,"column":8},"end":{"line":55,"column":27}},"type":"if","locations":[{"start":{"line":48,"column":8},"end":{"line":55,"column":27}},{"start":{"line":48,"column":8},"end":{"line":55,"column":27}}],"line":48},"9":{"loc":{"start":{"line":50,"column":13},"end":{"line":55,"column":27}},"type":"if","locations":[{"start":{"line":50,"column":13},"end":{"line":55,"column":27}},{"start":{"line":50,"column":13},"end":{"line":55,"column":27}}],"line":50},"10":{"loc":{"start":{"line":52,"column":13},"end":{"line":55,"column":27}},"type":"if","locations":[{"start":{"line":52,"column":13},"end":{"line":55,"column":27}},{"start":{"line":52,"column":13},"end":{"line":55,"column":27}}],"line":52},"11":{"loc":{"start":{"line":59,"column":22},"end":{"line":59,"column":34}},"type":"binary-expr","locations":[{"start":{"line":59,"column":22},"end":{"line":59,"column":26}},{"start":{"line":59,"column":30},"end":{"line":59,"column":34}}],"line":59},"12":{"loc":{"start":{"line":60,"column":12},"end":{"line":61,"column":33}},"type":"if","locations":[{"start":{"line":60,"column":12},"end":{"line":61,"column":33}},{"start":{"line":60,"column":12},"end":{"line":61,"column":33}}],"line":60},"13":{"loc":{"start":{"line":62,"column":12},"end":{"line":63,"column":46}},"type":"if","locations":[{"start":{"line":62,"column":12},"end":{"line":63,"column":46}},{"start":{"line":62,"column":12},"end":{"line":63,"column":46}}],"line":62},"14":{"loc":{"start":{"line":62,"column":16},"end":{"line":62,"column":62}},"type":"binary-expr","locations":[{"start":{"line":62,"column":16},"end":{"line":62,"column":36}},{"start":{"line":62,"column":40},"end":{"line":62,"column":62}}],"line":62}},"s":{"0":1,"1":1,"2":1,"3":1,"4":1,"5":1,"6":1,"7":1,"8":1,"9":82,"10":1,"11":110,"12":110,"13":55,"14":55,"15":9,"16":46,"17":1,"18":45,"19":1,"20":78,"21":78,"22":78,"23":8,"24":70,"25":34,"26":36,"27":0,"28":78,"29":1,"30":32,"31":32,"32":32,"33":9,"34":23,"35":1,"36":101,"37":55,"38":46,"39":9,"40":37,"41":1,"42":36,"43":1,"44":133,"45":119,"46":119,"47":95,"48":24,"49":23,"50":1,"51":1,"52":9,"53":1,"54":1,"55":1,"56":1},"f":{"0":1,"1":1,"2":82,"3":110,"4":78,"5":32,"6":101,"7":133,"8":119,"9":9,"10":1},"b":{"0":[1,1],"1":[55,55],"2":[9,46],"3":[1,45],"4":[8,70],"5":[34,36],"6":[0,36],"7":[9,23],"8":[55,46],"9":[9,37],"10":[1,36],"11":[119,99],"12":[95,24],"13":[23,1],"14":[24,24]},"_coverageSchema":"332fd63041d2c1bcb487cc26dd0d5f7d97098a6c","hash":"4092236b10f9e9dfbe82043d1fe9105bcb8d5230","contentHash":"bf2caaa5a2ece51138f942cf18327526_11.4.1"},"/Users/Mora/Workspace/node/vscode/dot-template/packages/dot-template-core/src/core/file/index.ts":{"path":"/Users/Mora/Workspace/node/vscode/dot-template/packages/dot-template-core/src/core/file/index.ts","statementMap":{"0":{"start":{"line":2,"column":0},"end":{"line":2,"column":62}},"1":{"start":{"line":3,"column":14},"end":{"line":3,"column":30}},"2":{"start":{"line":4,"column":0},"end":{"line":4,"column":51}},"3":{"start":{"line":5,"column":0},"end":{"line":5,"column":53}}},"fnMap":{},"branchMap":{},"s":{"0":1,"1":1,"2":1,"3":1},"f":{},"b":{},"_coverageSchema":"332fd63041d2c1bcb487cc26dd0d5f7d97098a6c","hash":"456026b04782ca50c2cc5ded35c242fd704ed326","contentHash":"82b6b516799cf9d244b836c894cb81e6_11.4.1"},"/Users/Mora/Workspace/node/vscode/dot-template/packages/dot-template-core/src/core/Editor.ts":{"path":"/Users/Mora/Workspace/node/vscode/dot-template/packages/dot-template-core/src/core/Editor.ts","statementMap":{"0":{"start":{"line":2,"column":0},"end":{"line":2,"column":62}},"1":{"start":{"line":3,"column":14},"end":{"line":3,"column":30}},"2":{"start":{"line":4,"column":9},"end":{"line":4,"column":28}},"3":{"start":{"line":5,"column":11},"end":{"line":5,"column":26}},"4":{"start":{"line":6,"column":9},"end":{"line":6,"column":22}},"5":{"start":{"line":7,"column":12},"end":{"line":7,"column":50}},"6":{"start":{"line":8,"column":11},"end":{"line":8,"column":48}},"7":{"start":{"line":9,"column":11},"end":{"line":9,"column":48}},"8":{"start":{"line":10,"column":28},"end":{"line":115,"column":3}},"9":{"start":{"line":12,"column":8},"end":{"line":12,"column":33}},"10":{"start":{"line":13,"column":8},"end":{"line":13,"column":26}},"11":{"start":{"line":14,"column":8},"end":{"line":30,"column":10}},"12":{"start":{"line":32,"column":4},"end":{"line":34,"column":6}},"13":{"start":{"line":33,"column":8},"end":{"line":33,"column":50}},"14":{"start":{"line":42,"column":4},"end":{"line":44,"column":6}},"15":{"start":{"line":43,"column":8},"end":{"line":43,"column":40}},"16":{"start":{"line":48,"column":4},"end":{"line":54,"column":6}},"17":{"start":{"line":49,"column":8},"end":{"line":53,"column":11}},"18":{"start":{"line":50,"column":12},"end":{"line":52,"column":15}},"19":{"start":{"line":51,"column":16},"end":{"line":51,"column":44}},"20":{"start":{"line":58,"column":4},"end":{"line":64,"column":6}},"21":{"start":{"line":59,"column":8},"end":{"line":63,"column":11}},"22":{"start":{"line":60,"column":12},"end":{"line":62,"column":15}},"23":{"start":{"line":61,"column":16},"end":{"line":61,"column":44}},"24":{"start":{"line":71,"column":4},"end":{"line":78,"column":6}},"25":{"start":{"line":72,"column":8},"end":{"line":77,"column":11}},"26":{"start":{"line":73,"column":12},"end":{"line":76,"column":15}},"27":{"start":{"line":74,"column":16},"end":{"line":74,"column":48}},"28":{"start":{"line":75,"column":16},"end":{"line":75,"column":44}},"29":{"start":{"line":86,"column":4},"end":{"line":88,"column":6}},"30":{"start":{"line":87,"column":8},"end":{"line":87,"column":48}},"31":{"start":{"line":92,"column":4},"end":{"line":94,"column":6}},"32":{"start":{"line":93,"column":8},"end":{"line":93,"column":21}},"33":{"start":{"line":114,"column":4},"end":{"line":114,"column":18}},"34":{"start":{"line":116,"column":0},"end":{"line":116,"column":24}}},"fnMap":{"0":{"name":"(anonymous_0)","decl":{"start":{"line":10,"column":28},"end":{"line":10,"column":29}},"loc":{"start":{"line":10,"column":40},"end":{"line":115,"column":1}},"line":10},"1":{"name":"Editor","decl":{"start":{"line":11,"column":13},"end":{"line":11,"column":19}},"loc":{"start":{"line":11,"column":30},"end":{"line":31,"column":5}},"line":11},"2":{"name":"(anonymous_2)","decl":{"start":{"line":32,"column":43},"end":{"line":32,"column":44}},"loc":{"start":{"line":32,"column":59},"end":{"line":34,"column":5}},"line":32},"3":{"name":"(anonymous_3)","decl":{"start":{"line":42,"column":40},"end":{"line":42,"column":41}},"loc":{"start":{"line":42,"column":56},"end":{"line":44,"column":5}},"line":42},"4":{"name":"(anonymous_4)","decl":{"start":{"line":48,"column":37},"end":{"line":48,"column":38}},"loc":{"start":{"line":48,"column":53},"end":{"line":54,"column":5}},"line":48},"5":{"name":"(anonymous_5)","decl":{"start":{"line":49,"column":55},"end":{"line":49,"column":56}},"loc":{"start":{"line":49,"column":67},"end":{"line":53,"column":9}},"line":49},"6":{"name":"(anonymous_6)","decl":{"start":{"line":50,"column":45},"end":{"line":50,"column":46}},"loc":{"start":{"line":50,"column":59},"end":{"line":52,"column":13}},"line":50},"7":{"name":"(anonymous_7)","decl":{"start":{"line":58,"column":38},"end":{"line":58,"column":39}},"loc":{"start":{"line":58,"column":54},"end":{"line":64,"column":5}},"line":58},"8":{"name":"(anonymous_8)","decl":{"start":{"line":59,"column":55},"end":{"line":59,"column":56}},"loc":{"start":{"line":59,"column":67},"end":{"line":63,"column":9}},"line":59},"9":{"name":"(anonymous_9)","decl":{"start":{"line":60,"column":45},"end":{"line":60,"column":46}},"loc":{"start":{"line":60,"column":59},"end":{"line":62,"column":13}},"line":60},"10":{"name":"(anonymous_10)","decl":{"start":{"line":71,"column":43},"end":{"line":71,"column":44}},"loc":{"start":{"line":71,"column":68},"end":{"line":78,"column":5}},"line":71},"11":{"name":"(anonymous_11)","decl":{"start":{"line":72,"column":55},"end":{"line":72,"column":56}},"loc":{"start":{"line":72,"column":67},"end":{"line":77,"column":9}},"line":72},"12":{"name":"(anonymous_12)","decl":{"start":{"line":73,"column":45},"end":{"line":73,"column":46}},"loc":{"start":{"line":73,"column":59},"end":{"line":76,"column":13}},"line":73},"13":{"name":"(anonymous_13)","decl":{"start":{"line":86,"column":38},"end":{"line":86,"column":39}},"loc":{"start":{"line":86,"column":54},"end":{"line":88,"column":5}},"line":86},"14":{"name":"(anonymous_14)","decl":{"start":{"line":92,"column":32},"end":{"line":92,"column":33}},"loc":{"start":{"line":92,"column":48},"end":{"line":94,"column":5}},"line":92}},"branchMap":{},"s":{"0":1,"1":1,"2":1,"3":1,"4":1,"5":1,"6":1,"7":1,"8":1,"9":82,"10":82,"11":82,"12":1,"13":524,"14":1,"15":3,"16":1,"17":28,"18":28,"19":28,"20":1,"21":17,"22":17,"23":17,"24":1,"25":46,"26":46,"27":46,"28":46,"29":1,"30":219,"31":1,"32":25,"33":1,"34":1},"f":{"0":1,"1":82,"2":524,"3":3,"4":28,"5":28,"6":28,"7":17,"8":17,"9":17,"10":46,"11":46,"12":46,"13":219,"14":25},"b":{},"_coverageSchema":"332fd63041d2c1bcb487cc26dd0d5f7d97098a6c","hash":"232cd7f740632a638a6186bdc7311fb7bb368b23","contentHash":"43ea99cddd15afed17eab8cabd223fae_11.4.1"}}